<?xml version="1.0" encoding="UTF-8"?>
<coverage generated="1768224399053" clover="3.2.0">
  <project timestamp="1768224399053" name="All files">
    <metrics statements="210" coveredstatements="210" conditionals="255" coveredconditionals="244" methods="55" coveredmethods="55" elements="520" coveredelements="509" complexity="0" loc="210" ncloc="210" packages="8" files="8" classes="8"/>
    <package name="src">
      <metrics statements="0" coveredstatements="0" conditionals="0" coveredconditionals="0" methods="0" coveredmethods="0"/>
      <file name="index.ts" path="/Volumes/SSD/projects/specloom/packages/specloom/src/index.ts">
        <metrics statements="0" coveredstatements="0" conditionals="0" coveredconditionals="0" methods="0" coveredmethods="0"/>
      </file>
    </package>
    <package name="src.builder">
      <metrics statements="0" coveredstatements="0" conditionals="0" coveredconditionals="0" methods="0" coveredmethods="0"/>
      <file name="index.ts" path="/Volumes/SSD/projects/specloom/packages/specloom/src/builder/index.ts">
        <metrics statements="0" coveredstatements="0" conditionals="0" coveredconditionals="0" methods="0" coveredmethods="0"/>
      </file>
    </package>
    <package name="src.evaluator">
      <metrics statements="81" coveredstatements="81" conditionals="70" coveredconditionals="60" methods="35" coveredmethods="35"/>
      <file name="index.ts" path="/Volumes/SSD/projects/specloom/packages/specloom/src/evaluator/index.ts">
        <metrics statements="81" coveredstatements="81" conditionals="70" coveredconditionals="60" methods="35" coveredmethods="35"/>
        <line num="66" count="19" type="stmt"/>
        <line num="68" count="19" type="stmt"/>
        <line num="69" count="167" type="stmt"/>
        <line num="70" count="56" type="cond" truecount="2" falsecount="0"/>
        <line num="71" count="1" type="stmt"/>
        <line num="73" count="55" type="stmt"/>
        <line num="76" count="19" type="stmt"/>
        <line num="77" count="50" type="stmt"/>
        <line num="78" count="18" type="stmt"/>
        <line num="80" count="19" type="stmt"/>
        <line num="81" count="50" type="stmt"/>
        <line num="82" count="4" type="stmt"/>
        <line num="84" count="19" type="stmt"/>
        <line num="86" count="19" type="stmt"/>
        <line num="87" count="19" type="stmt"/>
        <line num="88" count="19" type="stmt"/>
        <line num="89" count="19" type="stmt"/>
        <line num="91" count="19" type="stmt"/>
        <line num="111" count="11" type="stmt"/>
        <line num="113" count="11" type="cond" truecount="1" falsecount="1"/>
        <line num="115" count="11" type="stmt"/>
        <line num="116" count="212" type="stmt"/>
        <line num="117" count="57" type="cond" truecount="2" falsecount="0"/>
        <line num="118" count="1" type="stmt"/>
        <line num="120" count="56" type="stmt"/>
        <line num="123" count="18" type="stmt"/>
        <line num="125" count="11" type="stmt"/>
        <line num="139" count="10" type="stmt"/>
        <line num="141" count="10" type="cond" truecount="2" falsecount="0"/>
        <line num="143" count="10" type="stmt"/>
        <line num="144" count="130" type="stmt"/>
        <line num="145" count="35" type="cond" truecount="2" falsecount="0"/>
        <line num="146" count="1" type="stmt"/>
        <line num="148" count="34" type="stmt"/>
        <line num="149" count="35" type="cond" truecount="2" falsecount="0"/>
        <line num="150" count="35" type="stmt"/>
        <line num="153" count="16" type="cond" truecount="2" falsecount="0"/>
        <line num="155" count="10" type="cond" truecount="2" falsecount="0"/>
        <line num="157" count="10" type="stmt"/>
        <line num="175" count="55" type="stmt"/>
        <line num="187" count="56" type="stmt"/>
        <line num="203" count="34" type="stmt"/>
        <line num="224" count="4" type="cond" truecount="1" falsecount="1"/>
        <line num="226" count="4" type="stmt"/>
        <line num="227" count="4" type="stmt"/>
        <line num="228" count="12" type="stmt"/>
        <line num="231" count="4" type="stmt"/>
        <line num="232" count="12" type="stmt"/>
        <line num="233" count="8" type="stmt"/>
        <line num="235" count="4" type="stmt"/>
        <line num="247" count="64" type="cond" truecount="2" falsecount="0"/>
        <line num="251" count="64" type="stmt"/>
        <line num="261" count="28" type="cond" truecount="2" falsecount="0"/>
        <line num="267" count="18" type="stmt"/>
        <line num="271" count="18" type="stmt"/>
        <line num="278" count="18" type="stmt"/>
        <line num="285" count="18" type="cond" truecount="2" falsecount="0"/>
        <line num="286" count="1" type="stmt"/>
        <line num="312" count="53" type="stmt"/>
        <line num="320" count="53" type="stmt"/>
        <line num="321" count="53" type="stmt"/>
        <line num="324" count="1" type="stmt"/>
        <line num="337" count="79" type="stmt"/>
        <line num="338" count="73" type="cond" truecount="2" falsecount="0"/>
        <line num="339" count="9" type="stmt"/>
        <line num="343" count="73" type="stmt"/>
        <line num="344" count="67" type="cond" truecount="2" falsecount="0"/>
        <line num="345" count="11" type="stmt"/>
        <line num="349" count="61" type="stmt"/>
        <line num="350" count="61" type="cond" truecount="2" falsecount="0"/>
        <line num="351" count="58" type="stmt"/>
        <line num="352" count="58" type="stmt"/>
        <line num="355" count="3" type="stmt"/>
        <line num="356" count="3" type="cond" truecount="2" falsecount="0"/>
        <line num="357" count="2" type="stmt"/>
        <line num="358" count="2" type="stmt"/>
        <line num="362" count="1" type="cond" truecount="1" falsecount="1"/>
        <line num="363" count="1" type="cond" truecount="1" falsecount="1"/>
        <line num="365" count="1" type="stmt"/>
        <line num="374" count="3" type="stmt"/>
        <line num="375" count="3" type="stmt"/>
      </file>
    </package>
    <package name="src.filter">
      <metrics statements="58" coveredstatements="58" conditionals="106" coveredconditionals="106" methods="12" coveredmethods="12"/>
      <file name="index.ts" path="/Volumes/SSD/projects/specloom/packages/specloom/src/filter/index.ts">
        <metrics statements="58" coveredstatements="58" conditionals="106" coveredconditionals="106" methods="12" coveredmethods="12"/>
        <line num="19" count="66" type="cond" truecount="2" falsecount="0"/>
        <line num="20" count="6" type="stmt"/>
        <line num="24" count="63" type="cond" truecount="2" falsecount="0"/>
        <line num="25" count="5" type="stmt"/>
        <line num="29" count="60" type="cond" truecount="2" falsecount="0"/>
        <line num="30" count="2" type="stmt"/>
        <line num="34" count="58" type="stmt"/>
        <line num="44" count="58" type="stmt"/>
        <line num="45" count="58" type="stmt"/>
        <line num="47" count="58" type="stmt"/>
        <line num="54" count="58" type="stmt"/>
        <line num="55" count="58" type="stmt"/>
        <line num="57" count="58" type="stmt"/>
        <line num="58" count="70" type="cond" truecount="4" falsecount="0"/>
        <line num="59" count="1" type="stmt"/>
        <line num="61" count="69" type="cond" truecount="2" falsecount="0"/>
        <line num="62" count="68" type="stmt"/>
        <line num="64" count="1" type="stmt"/>
        <line num="68" count="56" type="stmt"/>
        <line num="79" count="58" type="cond" truecount="18" falsecount="0"/>
        <line num="82" count="16" type="stmt"/>
        <line num="85" count="2" type="stmt"/>
        <line num="88" count="2" type="stmt"/>
        <line num="95" count="6" type="stmt"/>
        <line num="102" count="1" type="stmt"/>
        <line num="109" count="1" type="stmt"/>
        <line num="117" count="3" type="stmt"/>
        <line num="124" count="2" type="stmt"/>
        <line num="131" count="1" type="stmt"/>
        <line num="138" count="5" type="cond" truecount="4" falsecount="0"/>
        <line num="139" count="2" type="stmt"/>
        <line num="141" count="3" type="stmt"/>
        <line num="142" count="3" type="stmt"/>
        <line num="144" count="1" type="stmt"/>
        <line num="149" count="2" type="cond" truecount="2" falsecount="0"/>
        <line num="152" count="2" type="cond" truecount="2" falsecount="0"/>
        <line num="156" count="4" type="cond" truecount="2" falsecount="0"/>
        <line num="161" count="3" type="cond" truecount="2" falsecount="0"/>
        <line num="162" count="2" type="stmt"/>
        <line num="169" count="1" type="stmt"/>
        <line num="178" count="3" type="stmt"/>
        <line num="181" count="4" type="stmt"/>
        <line num="185" count="2" type="stmt"/>
        <line num="188" count="4" type="stmt"/>
        <line num="192" count="2" type="stmt"/>
        <line num="195" count="3" type="stmt"/>
        <line num="199" count="1" type="stmt"/>
        <line num="207" count="24" type="cond" truecount="4" falsecount="0"/>
        <line num="208" count="5" type="stmt"/>
        <line num="211" count="19" type="stmt"/>
        <line num="214" count="19" type="cond" truecount="2" falsecount="0"/>
        <line num="215" count="3" type="stmt"/>
        <line num="216" count="6" type="cond" truecount="2" falsecount="0"/>
        <line num="221" count="16" type="cond" truecount="2" falsecount="0"/>
        <line num="222" count="4" type="cond" truecount="2" falsecount="0"/>
        <line num="226" count="14" type="cond" truecount="2" falsecount="0"/>
        <line num="227" count="1" type="stmt"/>
        <line num="231" count="13" type="stmt"/>
      </file>
    </package>
    <package name="src.loader">
      <metrics statements="14" coveredstatements="14" conditionals="11" coveredconditionals="11" methods="4" coveredmethods="4"/>
      <file name="index.ts" path="/Volumes/SSD/projects/specloom/packages/specloom/src/loader/index.ts">
        <metrics statements="14" coveredstatements="14" conditionals="11" coveredconditionals="11" methods="4" coveredmethods="4"/>
        <line num="7" count="4" type="stmt"/>
        <line num="8" count="4" type="stmt"/>
        <line num="15" count="12" type="cond" truecount="2" falsecount="0"/>
        <line num="16" count="3" type="stmt"/>
        <line num="19" count="9" type="cond" truecount="2" falsecount="0"/>
        <line num="20" count="2" type="stmt"/>
        <line num="23" count="7" type="cond" truecount="2" falsecount="0"/>
        <line num="24" count="1" type="stmt"/>
        <line num="27" count="6" type="cond" truecount="2" falsecount="0"/>
        <line num="28" count="1" type="stmt"/>
        <line num="31" count="5" type="stmt"/>
        <line num="39" count="7" type="stmt"/>
        <line num="40" count="7" type="stmt"/>
        <line num="45" count="12" type="cond" truecount="3" falsecount="0"/>
      </file>
    </package>
    <package name="src.spec">
      <metrics statements="0" coveredstatements="0" conditionals="0" coveredconditionals="0" methods="0" coveredmethods="0"/>
      <file name="index.ts" path="/Volumes/SSD/projects/specloom/packages/specloom/src/spec/index.ts">
        <metrics statements="0" coveredstatements="0" conditionals="0" coveredconditionals="0" methods="0" coveredmethods="0"/>
      </file>
    </package>
    <package name="src.validation">
      <metrics statements="57" coveredstatements="57" conditionals="68" coveredconditionals="67" methods="4" coveredmethods="4"/>
      <file name="index.ts" path="/Volumes/SSD/projects/specloom/packages/specloom/src/validation/index.ts">
        <metrics statements="57" coveredstatements="57" conditionals="68" coveredconditionals="67" methods="4" coveredmethods="4"/>
        <line num="15" count="14" type="stmt"/>
        <line num="17" count="14" type="stmt"/>
        <line num="18" count="43" type="stmt"/>
        <line num="19" count="43" type="stmt"/>
        <line num="20" count="43" type="cond" truecount="2" falsecount="0"/>
        <line num="21" count="13" type="stmt"/>
        <line num="25" count="14" type="stmt"/>
        <line num="32" count="69" type="stmt"/>
        <line num="33" count="69" type="cond" truecount="2" falsecount="0"/>
        <line num="36" count="69" type="cond" truecount="4" falsecount="0"/>
        <line num="37" count="34" type="cond" truecount="2" falsecount="0"/>
        <line num="38" count="10" type="cond" truecount="1" falsecount="1"/>
        <line num="39" count="10" type="stmt"/>
        <line num="44" count="59" type="cond" truecount="4" falsecount="0"/>
        <line num="45" count="3" type="stmt"/>
        <line num="49" count="56" type="cond" truecount="2" falsecount="0"/>
        <line num="50" count="32" type="cond" truecount="4" falsecount="0"/>
        <line num="51" count="1" type="stmt"/>
        <line num="53" count="32" type="cond" truecount="4" falsecount="0"/>
        <line num="54" count="2" type="stmt"/>
        <line num="56" count="32" type="cond" truecount="2" falsecount="0"/>
        <line num="57" count="9" type="stmt"/>
        <line num="58" count="9" type="cond" truecount="2" falsecount="0"/>
        <line num="59" count="5" type="stmt"/>
        <line num="65" count="56" type="cond" truecount="2" falsecount="0"/>
        <line num="66" count="6" type="cond" truecount="4" falsecount="0"/>
        <line num="67" count="2" type="stmt"/>
        <line num="69" count="6" type="cond" truecount="4" falsecount="0"/>
        <line num="70" count="1" type="stmt"/>
        <line num="75" count="56" type="cond" truecount="2" falsecount="0"/>
        <line num="76" count="14" type="cond" truecount="4" falsecount="0"/>
        <line num="77" count="4" type="stmt"/>
        <line num="79" count="14" type="cond" truecount="4" falsecount="0"/>
        <line num="80" count="3" type="stmt"/>
        <line num="84" count="56" type="stmt"/>
        <line num="91" count="9" type="cond" truecount="4" falsecount="0"/>
        <line num="93" count="2" type="stmt"/>
        <line num="94" count="2" type="cond" truecount="2" falsecount="0"/>
        <line num="95" count="1" type="stmt"/>
        <line num="97" count="1" type="stmt"/>
        <line num="100" count="2" type="stmt"/>
        <line num="101" count="2" type="stmt"/>
        <line num="103" count="1" type="stmt"/>
        <line num="105" count="1" type="stmt"/>
        <line num="108" count="2" type="stmt"/>
        <line num="109" count="2" type="cond" truecount="2" falsecount="0"/>
        <line num="110" count="1" type="stmt"/>
        <line num="112" count="1" type="stmt"/>
        <line num="116" count="3" type="stmt"/>
        <line num="117" count="3" type="stmt"/>
        <line num="118" count="3" type="cond" truecount="2" falsecount="0"/>
        <line num="119" count="2" type="stmt"/>
        <line num="127" count="4" type="stmt"/>
        <line num="134" count="93" type="cond" truecount="2" falsecount="0"/>
        <line num="135" count="89" type="cond" truecount="2" falsecount="0"/>
        <line num="136" count="81" type="cond" truecount="4" falsecount="0"/>
        <line num="137" count="76" type="stmt"/>
      </file>
    </package>
    <package name="src.vm">
      <metrics statements="0" coveredstatements="0" conditionals="0" coveredconditionals="0" methods="0" coveredmethods="0"/>
      <file name="index.ts" path="/Volumes/SSD/projects/specloom/packages/specloom/src/vm/index.ts">
        <metrics statements="0" coveredstatements="0" conditionals="0" coveredconditionals="0" methods="0" coveredmethods="0"/>
      </file>
    </package>
  </project>
</coverage>
