{"/Volumes/SSD/projects/specloom/packages/specloom/src/index.ts": {"path":"/Volumes/SSD/projects/specloom/packages/specloom/src/index.ts","statementMap":{},"fnMap":{},"branchMap":{},"s":{},"f":{},"b":{},"meta":{"lastBranch":0,"lastFunction":0,"lastStatement":0,"seen":{}}}
,"/Volumes/SSD/projects/specloom/packages/specloom/src/builder/index.ts": {"path":"/Volumes/SSD/projects/specloom/packages/specloom/src/builder/index.ts","statementMap":{},"fnMap":{},"branchMap":{},"s":{},"f":{},"b":{},"meta":{"lastBranch":0,"lastFunction":0,"lastStatement":0,"seen":{}}}
,"/Volumes/SSD/projects/specloom/packages/specloom/src/evaluator/index.ts": {"path":"/Volumes/SSD/projects/specloom/packages/specloom/src/evaluator/index.ts","statementMap":{"0":{"start":{"line":66,"column":4},"end":{"line":66,"column":null}},"1":{"start":{"line":68,"column":17},"end":{"line":74,"column":null}},"2":{"start":{"line":69,"column":18},"end":{"line":69,"column":null}},"3":{"start":{"line":69,"column":46},"end":{"line":69,"column":64}},"4":{"start":{"line":70,"column":4},"end":{"line":72,"column":null}},"5":{"start":{"line":71,"column":6},"end":{"line":71,"column":null}},"6":{"start":{"line":73,"column":4},"end":{"line":73,"column":null}},"7":{"start":{"line":76,"column":24},"end":{"line":78,"column":null}},"8":{"start":{"line":77,"column":19},"end":{"line":77,"column":43}},"9":{"start":{"line":78,"column":16},"end":{"line":78,"column":42}},"10":{"start":{"line":80,"column":22},"end":{"line":82,"column":null}},"11":{"start":{"line":81,"column":19},"end":{"line":81,"column":41}},"12":{"start":{"line":82,"column":16},"end":{"line":82,"column":42}},"13":{"start":{"line":84,"column":15},"end":{"line":84,"column":null}},"14":{"start":{"line":84,"column":33},"end":{"line":84,"column":70}},"15":{"start":{"line":86,"column":18},"end":{"line":86,"column":null}},"16":{"start":{"line":87,"column":20},"end":{"line":87,"column":null}},"17":{"start":{"line":88,"column":17},"end":{"line":88,"column":null}},"18":{"start":{"line":89,"column":22},"end":{"line":89,"column":null}},"19":{"start":{"line":91,"column":2},"end":{"line":104,"column":null}},"20":{"start":{"line":111,"column":44},"end":{"line":111,"column":null}},"21":{"start":{"line":113,"column":13},"end":{"line":113,"column":null}},"22":{"start":{"line":115,"column":17},"end":{"line":121,"column":null}},"23":{"start":{"line":116,"column":18},"end":{"line":116,"column":null}},"24":{"start":{"line":116,"column":46},"end":{"line":116,"column":66}},"25":{"start":{"line":117,"column":4},"end":{"line":119,"column":null}},"26":{"start":{"line":118,"column":6},"end":{"line":118,"column":null}},"27":{"start":{"line":120,"column":4},"end":{"line":120,"column":null}},"28":{"start":{"line":123,"column":18},"end":{"line":123,"column":null}},"29":{"start":{"line":123,"column":42},"end":{"line":123,"column":70}},"30":{"start":{"line":125,"column":2},"end":{"line":132,"column":null}},"31":{"start":{"line":139,"column":67},"end":{"line":139,"column":null}},"32":{"start":{"line":141,"column":13},"end":{"line":141,"column":null}},"33":{"start":{"line":143,"column":17},"end":{"line":151,"column":null}},"34":{"start":{"line":144,"column":18},"end":{"line":144,"column":null}},"35":{"start":{"line":144,"column":46},"end":{"line":144,"column":66}},"36":{"start":{"line":145,"column":4},"end":{"line":147,"column":null}},"37":{"start":{"line":146,"column":6},"end":{"line":146,"column":null}},"38":{"start":{"line":148,"column":18},"end":{"line":148,"column":null}},"39":{"start":{"line":149,"column":24},"end":{"line":149,"column":null}},"40":{"start":{"line":150,"column":4},"end":{"line":150,"column":null}},"41":{"start":{"line":153,"column":18},"end":{"line":153,"column":null}},"42":{"start":{"line":153,"column":42},"end":{"line":153,"column":76}},"43":{"start":{"line":155,"column":18},"end":{"line":155,"column":null}},"44":{"start":{"line":157,"column":2},"end":{"line":167,"column":null}},"45":{"start":{"line":175,"column":2},"end":{"line":183,"column":null}},"46":{"start":{"line":187,"column":2},"end":{"line":195,"column":null}},"47":{"start":{"line":203,"column":2},"end":{"line":215,"column":null}},"48":{"start":{"line":224,"column":13},"end":{"line":224,"column":null}},"49":{"start":{"line":226,"column":42},"end":{"line":226,"column":null}},"50":{"start":{"line":227,"column":2},"end":{"line":229,"column":null}},"51":{"start":{"line":228,"column":4},"end":{"line":228,"column":null}},"52":{"start":{"line":231,"column":21},"end":{"line":233,"column":null}},"53":{"start":{"line":232,"column":19},"end":{"line":232,"column":40}},"54":{"start":{"line":233,"column":16},"end":{"line":233,"column":43}},"55":{"start":{"line":235,"column":2},"end":{"line":239,"column":null}},"56":{"start":{"line":247,"column":18},"end":{"line":249,"column":null}},"57":{"start":{"line":251,"column":2},"end":{"line":257,"column":null}},"58":{"start":{"line":261,"column":8},"end":{"line":265,"column":null}},"59":{"start":{"line":261,"column":71},"end":{"line":265,"column":4}},"60":{"start":{"line":267,"column":2},"end":{"line":267,"column":null}},"61":{"start":{"line":271,"column":2},"end":{"line":274,"column":null}},"62":{"start":{"line":278,"column":2},"end":{"line":281,"column":null}},"63":{"start":{"line":285,"column":2},"end":{"line":285,"column":null}},"64":{"start":{"line":285,"column":25},"end":{"line":285,"column":null}},"65":{"start":{"line":286,"column":2},"end":{"line":289,"column":null}},"66":{"start":{"line":312,"column":39},"end":{"line":318,"column":null}},"67":{"start":{"line":320,"column":2},"end":{"line":325,"column":null}},"68":{"start":{"line":321,"column":4},"end":{"line":321,"column":null}},"69":{"start":{"line":324,"column":4},"end":{"line":324,"column":null}},"70":{"start":{"line":337,"column":18},"end":{"line":337,"column":null}},"71":{"start":{"line":337,"column":52},"end":{"line":337,"column":60}},"72":{"start":{"line":338,"column":2},"end":{"line":340,"column":null}},"73":{"start":{"line":339,"column":4},"end":{"line":339,"column":null}},"74":{"start":{"line":339,"column":34},"end":{"line":339,"column":65}},"75":{"start":{"line":343,"column":19},"end":{"line":343,"column":null}},"76":{"start":{"line":343,"column":53},"end":{"line":343,"column":61}},"77":{"start":{"line":344,"column":2},"end":{"line":346,"column":null}},"78":{"start":{"line":345,"column":4},"end":{"line":345,"column":null}},"79":{"start":{"line":345,"column":36},"end":{"line":345,"column":67}},"80":{"start":{"line":349,"column":18},"end":{"line":349,"column":null}},"81":{"start":{"line":350,"column":2},"end":{"line":353,"column":null}},"82":{"start":{"line":351,"column":31},"end":{"line":351,"column":null}},"83":{"start":{"line":352,"column":4},"end":{"line":352,"column":null}},"84":{"start":{"line":355,"column":19},"end":{"line":355,"column":null}},"85":{"start":{"line":356,"column":2},"end":{"line":359,"column":null}},"86":{"start":{"line":357,"column":31},"end":{"line":357,"column":null}},"87":{"start":{"line":358,"column":4},"end":{"line":358,"column":null}},"88":{"start":{"line":362,"column":2},"end":{"line":362,"column":null}},"89":{"start":{"line":362,"column":29},"end":{"line":362,"column":null}},"90":{"start":{"line":363,"column":2},"end":{"line":363,"column":null}},"91":{"start":{"line":363,"column":30},"end":{"line":363,"column":null}},"92":{"start":{"line":365,"column":2},"end":{"line":365,"column":null}},"93":{"start":{"line":374,"column":4},"end":{"line":374,"column":null}},"94":{"start":{"line":375,"column":4},"end":{"line":375,"column":null}}},"fnMap":{"0":{"name":"evaluateListView","decl":{"start":{"line":64,"column":16},"end":{"line":64,"column":33}},"loc":{"start":{"line":64,"column":78},"end":{"line":105,"column":null}},"line":64},"1":{"name":"(anonymous_1)","decl":{"start":{"line":68,"column":34},"end":{"line":68,"column":35}},"loc":{"start":{"line":68,"column":47},"end":{"line":74,"column":3}},"line":68},"2":{"name":"(anonymous_2)","decl":{"start":{"line":69,"column":39},"end":{"line":69,"column":40}},"loc":{"start":{"line":69,"column":46},"end":{"line":69,"column":64}},"line":69},"3":{"name":"(anonymous_3)","decl":{"start":{"line":77,"column":12},"end":{"line":77,"column":13}},"loc":{"start":{"line":77,"column":19},"end":{"line":77,"column":43}},"line":77},"4":{"name":"(anonymous_4)","decl":{"start":{"line":78,"column":9},"end":{"line":78,"column":10}},"loc":{"start":{"line":78,"column":16},"end":{"line":78,"column":42}},"line":78},"5":{"name":"(anonymous_5)","decl":{"start":{"line":81,"column":12},"end":{"line":81,"column":13}},"loc":{"start":{"line":81,"column":19},"end":{"line":81,"column":41}},"line":81},"6":{"name":"(anonymous_6)","decl":{"start":{"line":82,"column":9},"end":{"line":82,"column":10}},"loc":{"start":{"line":82,"column":16},"end":{"line":82,"column":42}},"line":82},"7":{"name":"(anonymous_7)","decl":{"start":{"line":84,"column":24},"end":{"line":84,"column":25}},"loc":{"start":{"line":84,"column":33},"end":{"line":84,"column":70}},"line":84},"8":{"name":"evaluateShowView","decl":{"start":{"line":110,"column":16},"end":{"line":110,"column":33}},"loc":{"start":{"line":110,"column":78},"end":{"line":133,"column":null}},"line":110},"9":{"name":"(anonymous_9)","decl":{"start":{"line":115,"column":33},"end":{"line":115,"column":34}},"loc":{"start":{"line":115,"column":48},"end":{"line":121,"column":3}},"line":115},"10":{"name":"(anonymous_10)","decl":{"start":{"line":116,"column":39},"end":{"line":116,"column":40}},"loc":{"start":{"line":116,"column":46},"end":{"line":116,"column":66}},"line":116},"11":{"name":"(anonymous_11)","decl":{"start":{"line":123,"column":35},"end":{"line":123,"column":36}},"loc":{"start":{"line":123,"column":42},"end":{"line":123,"column":70}},"line":123},"12":{"name":"evaluateFormView","decl":{"start":{"line":138,"column":16},"end":{"line":138,"column":33}},"loc":{"start":{"line":138,"column":78},"end":{"line":168,"column":null}},"line":138},"13":{"name":"(anonymous_13)","decl":{"start":{"line":143,"column":33},"end":{"line":143,"column":34}},"loc":{"start":{"line":143,"column":48},"end":{"line":151,"column":3}},"line":143},"14":{"name":"(anonymous_14)","decl":{"start":{"line":144,"column":39},"end":{"line":144,"column":40}},"loc":{"start":{"line":144,"column":46},"end":{"line":144,"column":66}},"line":144},"15":{"name":"(anonymous_15)","decl":{"start":{"line":153,"column":35},"end":{"line":153,"column":36}},"loc":{"start":{"line":153,"column":42},"end":{"line":153,"column":76}},"line":153},"16":{"name":"toListFieldVM","decl":{"start":{"line":174,"column":9},"end":{"line":174,"column":23}},"loc":{"start":{"line":174,"column":66},"end":{"line":184,"column":null}},"line":174},"17":{"name":"toShowFieldVM","decl":{"start":{"line":186,"column":9},"end":{"line":186,"column":23}},"loc":{"start":{"line":186,"column":66},"end":{"line":196,"column":null}},"line":186},"18":{"name":"toFormFieldVM","decl":{"start":{"line":198,"column":9},"end":{"line":198,"column":null}},"loc":{"start":{"line":202,"column":15},"end":{"line":216,"column":null}},"line":202},"19":{"name":"toRowVM","decl":{"start":{"line":218,"column":9},"end":{"line":218,"column":null}},"loc":{"start":{"line":223,"column":9},"end":{"line":240,"column":null}},"line":223},"20":{"name":"(anonymous_20)","decl":{"start":{"line":232,"column":12},"end":{"line":232,"column":13}},"loc":{"start":{"line":232,"column":19},"end":{"line":232,"column":40}},"line":232},"21":{"name":"(anonymous_21)","decl":{"start":{"line":233,"column":9},"end":{"line":233,"column":10}},"loc":{"start":{"line":233,"column":16},"end":{"line":233,"column":43}},"line":233},"22":{"name":"toActionVM","decl":{"start":{"line":242,"column":9},"end":{"line":242,"column":null}},"loc":{"start":{"line":246,"column":12},"end":{"line":258,"column":null}},"line":246},"23":{"name":"toFilters","decl":{"start":{"line":260,"column":9},"end":{"line":260,"column":19}},"loc":{"start":{"line":260,"column":67},"end":{"line":268,"column":null}},"line":260},"24":{"name":"(anonymous_24)","decl":{"start":{"line":261,"column":63},"end":{"line":261,"column":64}},"loc":{"start":{"line":261,"column":71},"end":{"line":265,"column":4}},"line":261},"25":{"name":"toSelection","decl":{"start":{"line":270,"column":9},"end":{"line":270,"column":21}},"loc":{"start":{"line":270,"column":69},"end":{"line":275,"column":null}},"line":270},"26":{"name":"toSearch","decl":{"start":{"line":277,"column":9},"end":{"line":277,"column":18}},"loc":{"start":{"line":277,"column":58},"end":{"line":282,"column":null}},"line":277},"27":{"name":"toDefaultSort","decl":{"start":{"line":284,"column":9},"end":{"line":284,"column":23}},"loc":{"start":{"line":284,"column":59},"end":{"line":290,"column":null}},"line":284},"28":{"name":"evaluateExpression","decl":{"start":{"line":306,"column":16},"end":{"line":306,"column":null}},"loc":{"start":{"line":310,"column":11},"end":{"line":326,"column":null}},"line":310},"29":{"name":"evalSimpleExpression","decl":{"start":{"line":332,"column":9},"end":{"line":332,"column":null}},"loc":{"start":{"line":335,"column":11},"end":{"line":366,"column":null}},"line":335},"30":{"name":"(anonymous_30)","decl":{"start":{"line":337,"column":45},"end":{"line":337,"column":46}},"loc":{"start":{"line":337,"column":52},"end":{"line":337,"column":60}},"line":337},"31":{"name":"(anonymous_31)","decl":{"start":{"line":339,"column":24},"end":{"line":339,"column":25}},"loc":{"start":{"line":339,"column":34},"end":{"line":339,"column":65}},"line":339},"32":{"name":"(anonymous_32)","decl":{"start":{"line":343,"column":46},"end":{"line":343,"column":47}},"loc":{"start":{"line":343,"column":53},"end":{"line":343,"column":61}},"line":343},"33":{"name":"(anonymous_33)","decl":{"start":{"line":345,"column":26},"end":{"line":345,"column":27}},"loc":{"start":{"line":345,"column":36},"end":{"line":345,"column":67}},"line":345},"34":{"name":"(anonymous_34)","decl":{"start":{"line":373,"column":2},"end":{"line":373,"column":14}},"loc":{"start":{"line":373,"column":31},"end":{"line":376,"column":null}},"line":373}},"branchMap":{"0":{"loc":{"start":{"line":70,"column":4},"end":{"line":72,"column":null}},"type":"if","locations":[{"start":{"line":70,"column":4},"end":{"line":72,"column":null}},{"start":{},"end":{}}],"line":70},"1":{"loc":{"start":{"line":94,"column":11},"end":{"line":94,"column":null}},"type":"binary-expr","locations":[{"start":{"line":94,"column":11},"end":{"line":94,"column":29}},{"start":{"line":94,"column":29},"end":{"line":94,"column":null}}],"line":94},"2":{"loc":{"start":{"line":113,"column":20},"end":{"line":113,"column":33}},"type":"binary-expr","locations":[{"start":{"line":113,"column":20},"end":{"line":113,"column":31}},{"start":{"line":113,"column":31},"end":{"line":113,"column":33}}],"line":113},"3":{"loc":{"start":{"line":117,"column":4},"end":{"line":119,"column":null}},"type":"if","locations":[{"start":{"line":117,"column":4},"end":{"line":119,"column":null}},{"start":{},"end":{}}],"line":117},"4":{"loc":{"start":{"line":128,"column":11},"end":{"line":128,"column":null}},"type":"binary-expr","locations":[{"start":{"line":128,"column":11},"end":{"line":128,"column":29}},{"start":{"line":128,"column":29},"end":{"line":128,"column":null}}],"line":128},"5":{"loc":{"start":{"line":141,"column":13},"end":{"line":141,"column":null}},"type":"cond-expr","locations":[{"start":{"line":141,"column":32},"end":{"line":141,"column":50}},{"start":{"line":141,"column":50},"end":{"line":141,"column":null}}],"line":141},"6":{"loc":{"start":{"line":145,"column":4},"end":{"line":147,"column":null}},"type":"if","locations":[{"start":{"line":145,"column":4},"end":{"line":147,"column":null}},{"start":{},"end":{}}],"line":145},"7":{"loc":{"start":{"line":149,"column":24},"end":{"line":149,"column":null}},"type":"binary-expr","locations":[{"start":{"line":149,"column":24},"end":{"line":149,"column":47}},{"start":{"line":149,"column":47},"end":{"line":149,"column":null}}],"line":149},"8":{"loc":{"start":{"line":153,"column":65},"end":{"line":153,"column":75}},"type":"binary-expr","locations":[{"start":{"line":153,"column":65},"end":{"line":153,"column":73}},{"start":{"line":153,"column":73},"end":{"line":153,"column":75}}],"line":153},"9":{"loc":{"start":{"line":155,"column":30},"end":{"line":155,"column":42}},"type":"binary-expr","locations":[{"start":{"line":155,"column":30},"end":{"line":155,"column":40}},{"start":{"line":155,"column":40},"end":{"line":155,"column":42}}],"line":155},"10":{"loc":{"start":{"line":160,"column":11},"end":{"line":160,"column":null}},"type":"binary-expr","locations":[{"start":{"line":160,"column":11},"end":{"line":160,"column":29}},{"start":{"line":160,"column":29},"end":{"line":160,"column":null}}],"line":160},"11":{"loc":{"start":{"line":166,"column":13},"end":{"line":166,"column":null}},"type":"binary-expr","locations":[{"start":{"line":166,"column":13},"end":{"line":166,"column":24}},{"start":{"line":166,"column":24},"end":{"line":166,"column":null}}],"line":166},"12":{"loc":{"start":{"line":177,"column":11},"end":{"line":177,"column":null}},"type":"binary-expr","locations":[{"start":{"line":177,"column":11},"end":{"line":177,"column":26}},{"start":{"line":177,"column":26},"end":{"line":177,"column":null}}],"line":177},"13":{"loc":{"start":{"line":178,"column":10},"end":{"line":178,"column":null}},"type":"binary-expr","locations":[{"start":{"line":178,"column":10},"end":{"line":178,"column":24}},{"start":{"line":178,"column":24},"end":{"line":178,"column":null}}],"line":178},"14":{"loc":{"start":{"line":189,"column":11},"end":{"line":189,"column":null}},"type":"binary-expr","locations":[{"start":{"line":189,"column":11},"end":{"line":189,"column":26}},{"start":{"line":189,"column":26},"end":{"line":189,"column":null}}],"line":189},"15":{"loc":{"start":{"line":190,"column":10},"end":{"line":190,"column":null}},"type":"binary-expr","locations":[{"start":{"line":190,"column":10},"end":{"line":190,"column":24}},{"start":{"line":190,"column":24},"end":{"line":190,"column":null}}],"line":190},"16":{"loc":{"start":{"line":205,"column":11},"end":{"line":205,"column":null}},"type":"binary-expr","locations":[{"start":{"line":205,"column":11},"end":{"line":205,"column":26}},{"start":{"line":205,"column":26},"end":{"line":205,"column":null}}],"line":205},"17":{"loc":{"start":{"line":206,"column":10},"end":{"line":206,"column":null}},"type":"binary-expr","locations":[{"start":{"line":206,"column":10},"end":{"line":206,"column":24}},{"start":{"line":206,"column":24},"end":{"line":206,"column":null}}],"line":206},"18":{"loc":{"start":{"line":208,"column":14},"end":{"line":208,"column":null}},"type":"binary-expr","locations":[{"start":{"line":208,"column":14},"end":{"line":208,"column":32}},{"start":{"line":208,"column":32},"end":{"line":208,"column":null}}],"line":208},"19":{"loc":{"start":{"line":209,"column":14},"end":{"line":209,"column":null}},"type":"binary-expr","locations":[{"start":{"line":209,"column":14},"end":{"line":209,"column":32}},{"start":{"line":209,"column":32},"end":{"line":209,"column":null}}],"line":209},"20":{"loc":{"start":{"line":224,"column":20},"end":{"line":224,"column":32}},"type":"binary-expr","locations":[{"start":{"line":224,"column":20},"end":{"line":224,"column":30}},{"start":{"line":224,"column":30},"end":{"line":224,"column":32}}],"line":224},"21":{"loc":{"start":{"line":247,"column":18},"end":{"line":249,"column":null}},"type":"cond-expr","locations":[{"start":{"line":248,"column":6},"end":{"line":248,"column":null}},{"start":{"line":249,"column":6},"end":{"line":249,"column":null}}],"line":247},"22":{"loc":{"start":{"line":261,"column":34},"end":{"line":261,"column":59}},"type":"binary-expr","locations":[{"start":{"line":261,"column":34},"end":{"line":261,"column":55}},{"start":{"line":261,"column":55},"end":{"line":261,"column":59}}],"line":261},"23":{"loc":{"start":{"line":264,"column":22},"end":{"line":264,"column":null}},"type":"binary-expr","locations":[{"start":{"line":264,"column":22},"end":{"line":264,"column":38}},{"start":{"line":264,"column":38},"end":{"line":264,"column":null}}],"line":264},"24":{"loc":{"start":{"line":272,"column":10},"end":{"line":272,"column":null}},"type":"binary-expr","locations":[{"start":{"line":272,"column":10},"end":{"line":272,"column":28}},{"start":{"line":272,"column":28},"end":{"line":272,"column":null}}],"line":272},"25":{"loc":{"start":{"line":273,"column":14},"end":{"line":273,"column":null}},"type":"binary-expr","locations":[{"start":{"line":273,"column":14},"end":{"line":273,"column":26}},{"start":{"line":273,"column":26},"end":{"line":273,"column":null}}],"line":273},"26":{"loc":{"start":{"line":279,"column":12},"end":{"line":279,"column":null}},"type":"binary-expr","locations":[{"start":{"line":279,"column":12},"end":{"line":279,"column":31}},{"start":{"line":279,"column":31},"end":{"line":279,"column":null}}],"line":279},"27":{"loc":{"start":{"line":280,"column":11},"end":{"line":280,"column":null}},"type":"binary-expr","locations":[{"start":{"line":280,"column":11},"end":{"line":280,"column":20}},{"start":{"line":280,"column":20},"end":{"line":280,"column":null}}],"line":280},"28":{"loc":{"start":{"line":285,"column":2},"end":{"line":285,"column":null}},"type":"if","locations":[{"start":{"line":285,"column":2},"end":{"line":285,"column":null}},{"start":{},"end":{}}],"line":285},"29":{"loc":{"start":{"line":338,"column":2},"end":{"line":340,"column":null}},"type":"if","locations":[{"start":{"line":338,"column":2},"end":{"line":340,"column":null}},{"start":{},"end":{}}],"line":338},"30":{"loc":{"start":{"line":344,"column":2},"end":{"line":346,"column":null}},"type":"if","locations":[{"start":{"line":344,"column":2},"end":{"line":346,"column":null}},{"start":{},"end":{}}],"line":344},"31":{"loc":{"start":{"line":350,"column":2},"end":{"line":353,"column":null}},"type":"if","locations":[{"start":{"line":350,"column":2},"end":{"line":353,"column":null}},{"start":{},"end":{}}],"line":350},"32":{"loc":{"start":{"line":356,"column":2},"end":{"line":359,"column":null}},"type":"if","locations":[{"start":{"line":356,"column":2},"end":{"line":359,"column":null}},{"start":{},"end":{}}],"line":356},"33":{"loc":{"start":{"line":362,"column":2},"end":{"line":362,"column":null}},"type":"if","locations":[{"start":{"line":362,"column":2},"end":{"line":362,"column":null}},{"start":{},"end":{}}],"line":362},"34":{"loc":{"start":{"line":363,"column":2},"end":{"line":363,"column":null}},"type":"if","locations":[{"start":{"line":363,"column":2},"end":{"line":363,"column":null}},{"start":{},"end":{}}],"line":363}},"s":{"0":19,"1":19,"2":56,"3":167,"4":56,"5":1,"6":55,"7":19,"8":50,"9":18,"10":19,"11":50,"12":4,"13":19,"14":4,"15":19,"16":19,"17":19,"18":19,"19":19,"20":11,"21":11,"22":11,"23":57,"24":212,"25":57,"26":1,"27":56,"28":11,"29":18,"30":11,"31":10,"32":10,"33":10,"34":35,"35":130,"36":35,"37":1,"38":34,"39":35,"40":35,"41":10,"42":16,"43":10,"44":10,"45":55,"46":56,"47":34,"48":4,"49":4,"50":4,"51":12,"52":4,"53":12,"54":8,"55":4,"56":64,"57":64,"58":18,"59":28,"60":18,"61":18,"62":18,"63":18,"64":17,"65":1,"66":53,"67":53,"68":53,"69":1,"70":73,"71":79,"72":73,"73":6,"74":9,"75":67,"76":73,"77":67,"78":6,"79":11,"80":61,"81":61,"82":58,"83":58,"84":3,"85":3,"86":2,"87":2,"88":1,"89":0,"90":1,"91":0,"92":1,"93":3,"94":3},"f":{"0":19,"1":56,"2":167,"3":50,"4":18,"5":50,"6":4,"7":4,"8":11,"9":57,"10":212,"11":18,"12":10,"13":35,"14":130,"15":16,"16":55,"17":56,"18":34,"19":4,"20":12,"21":8,"22":64,"23":18,"24":28,"25":18,"26":18,"27":18,"28":53,"29":73,"30":79,"31":9,"32":73,"33":11,"34":3},"b":{"0":[1,55],"1":[19,0],"2":[11,0],"3":[1,56],"4":[11,0],"5":[2,8],"6":[1,34],"7":[35,33],"8":[16,12],"9":[10,8],"10":[10,0],"11":[10,8],"12":[55,0],"13":[55,11],"14":[56,0],"15":[56,26],"16":[34,0],"17":[34,6],"18":[34,22],"19":[34,34],"20":[4,0],"21":[42,22],"22":[18,4],"23":[28,26],"24":[18,4],"25":[18,17],"26":[18,4],"27":[18,17],"28":[17,1],"29":[6,67],"30":[6,61],"31":[58,3],"32":[2,1],"33":[0,1],"34":[0,1]},"meta":{"lastBranch":35,"lastFunction":35,"lastStatement":95,"seen":{"f:64:16:64:33":0,"s:66:4:66:Infinity":0,"s:68:17:74:Infinity":1,"f:68:34:68:35":1,"s:69:18:69:Infinity":2,"f:69:39:69:40":2,"s:69:46:69:64":3,"b:70:4:72:Infinity:undefined:undefined:undefined:undefined":0,"s:70:4:72:Infinity":4,"s:71:6:71:Infinity":5,"s:73:4:73:Infinity":6,"s:76:24:78:Infinity":7,"f:77:12:77:13":3,"s:77:19:77:43":8,"f:78:9:78:10":4,"s:78:16:78:42":9,"s:80:22:82:Infinity":10,"f:81:12:81:13":5,"s:81:19:81:41":11,"f:82:9:82:10":6,"s:82:16:82:42":12,"s:84:15:84:Infinity":13,"f:84:24:84:25":7,"s:84:33:84:70":14,"s:86:18:86:Infinity":15,"s:87:20:87:Infinity":16,"s:88:17:88:Infinity":17,"s:89:22:89:Infinity":18,"s:91:2:104:Infinity":19,"b:94:11:94:29:94:29:94:Infinity":1,"f:110:16:110:33":8,"s:111:44:111:Infinity":20,"s:113:13:113:Infinity":21,"b:113:20:113:31:113:31:113:33":2,"s:115:17:121:Infinity":22,"f:115:33:115:34":9,"s:116:18:116:Infinity":23,"f:116:39:116:40":10,"s:116:46:116:66":24,"b:117:4:119:Infinity:undefined:undefined:undefined:undefined":3,"s:117:4:119:Infinity":25,"s:118:6:118:Infinity":26,"s:120:4:120:Infinity":27,"s:123:18:123:Infinity":28,"f:123:35:123:36":11,"s:123:42:123:70":29,"s:125:2:132:Infinity":30,"b:128:11:128:29:128:29:128:Infinity":4,"f:138:16:138:33":12,"s:139:67:139:Infinity":31,"s:141:13:141:Infinity":32,"b:141:32:141:50:141:50:141:Infinity":5,"s:143:17:151:Infinity":33,"f:143:33:143:34":13,"s:144:18:144:Infinity":34,"f:144:39:144:40":14,"s:144:46:144:66":35,"b:145:4:147:Infinity:undefined:undefined:undefined:undefined":6,"s:145:4:147:Infinity":36,"s:146:6:146:Infinity":37,"s:148:18:148:Infinity":38,"s:149:24:149:Infinity":39,"b:149:24:149:47:149:47:149:Infinity":7,"s:150:4:150:Infinity":40,"s:153:18:153:Infinity":41,"f:153:35:153:36":15,"s:153:42:153:76":42,"b:153:65:153:73:153:73:153:75":8,"s:155:18:155:Infinity":43,"b:155:30:155:40:155:40:155:42":9,"s:157:2:167:Infinity":44,"b:160:11:160:29:160:29:160:Infinity":10,"b:166:13:166:24:166:24:166:Infinity":11,"f:174:9:174:23":16,"s:175:2:183:Infinity":45,"b:177:11:177:26:177:26:177:Infinity":12,"b:178:10:178:24:178:24:178:Infinity":13,"f:186:9:186:23":17,"s:187:2:195:Infinity":46,"b:189:11:189:26:189:26:189:Infinity":14,"b:190:10:190:24:190:24:190:Infinity":15,"f:198:9:198:Infinity":18,"s:203:2:215:Infinity":47,"b:205:11:205:26:205:26:205:Infinity":16,"b:206:10:206:24:206:24:206:Infinity":17,"b:208:14:208:32:208:32:208:Infinity":18,"b:209:14:209:32:209:32:209:Infinity":19,"f:218:9:218:Infinity":19,"s:224:13:224:Infinity":48,"b:224:20:224:30:224:30:224:32":20,"s:226:42:226:Infinity":49,"s:227:2:229:Infinity":50,"s:228:4:228:Infinity":51,"s:231:21:233:Infinity":52,"f:232:12:232:13":20,"s:232:19:232:40":53,"f:233:9:233:10":21,"s:233:16:233:43":54,"s:235:2:239:Infinity":55,"f:242:9:242:Infinity":22,"s:247:18:249:Infinity":56,"b:248:6:248:Infinity:249:6:249:Infinity":21,"s:251:2:257:Infinity":57,"f:260:9:260:19":23,"s:261:8:265:Infinity":58,"b:261:34:261:55:261:55:261:59":22,"f:261:63:261:64":24,"s:261:71:265:4":59,"b:264:22:264:38:264:38:264:Infinity":23,"s:267:2:267:Infinity":60,"f:270:9:270:21":25,"s:271:2:274:Infinity":61,"b:272:10:272:28:272:28:272:Infinity":24,"b:273:14:273:26:273:26:273:Infinity":25,"f:277:9:277:18":26,"s:278:2:281:Infinity":62,"b:279:12:279:31:279:31:279:Infinity":26,"b:280:11:280:20:280:20:280:Infinity":27,"f:284:9:284:23":27,"b:285:2:285:Infinity:undefined:undefined:undefined:undefined":28,"s:285:2:285:Infinity":63,"s:285:25:285:Infinity":64,"s:286:2:289:Infinity":65,"f:306:16:306:Infinity":28,"s:312:39:318:Infinity":66,"s:320:2:325:Infinity":67,"s:321:4:321:Infinity":68,"s:324:4:324:Infinity":69,"f:332:9:332:Infinity":29,"s:337:18:337:Infinity":70,"f:337:45:337:46":30,"s:337:52:337:60":71,"b:338:2:340:Infinity:undefined:undefined:undefined:undefined":29,"s:338:2:340:Infinity":72,"s:339:4:339:Infinity":73,"f:339:24:339:25":31,"s:339:34:339:65":74,"s:343:19:343:Infinity":75,"f:343:46:343:47":32,"s:343:53:343:61":76,"b:344:2:346:Infinity:undefined:undefined:undefined:undefined":30,"s:344:2:346:Infinity":77,"s:345:4:345:Infinity":78,"f:345:26:345:27":33,"s:345:36:345:67":79,"s:349:18:349:Infinity":80,"b:350:2:353:Infinity:undefined:undefined:undefined:undefined":31,"s:350:2:353:Infinity":81,"s:351:31:351:Infinity":82,"s:352:4:352:Infinity":83,"s:355:19:355:Infinity":84,"b:356:2:359:Infinity:undefined:undefined:undefined:undefined":32,"s:356:2:359:Infinity":85,"s:357:31:357:Infinity":86,"s:358:4:358:Infinity":87,"b:362:2:362:Infinity:undefined:undefined:undefined:undefined":33,"s:362:2:362:Infinity":88,"s:362:29:362:Infinity":89,"b:363:2:363:Infinity:undefined:undefined:undefined:undefined":34,"s:363:2:363:Infinity":90,"s:363:30:363:Infinity":91,"s:365:2:365:Infinity":92,"f:373:2:373:14":34,"s:374:4:374:Infinity":93,"s:375:4:375:Infinity":94}}}
,"/Volumes/SSD/projects/specloom/packages/specloom/src/filter/index.ts": {"path":"/Volumes/SSD/projects/specloom/packages/specloom/src/filter/index.ts","statementMap":{"0":{"start":{"line":19,"column":2},"end":{"line":21,"column":null}},"1":{"start":{"line":20,"column":4},"end":{"line":20,"column":null}},"2":{"start":{"line":20,"column":38},"end":{"line":20,"column":64}},"3":{"start":{"line":24,"column":2},"end":{"line":26,"column":null}},"4":{"start":{"line":25,"column":4},"end":{"line":25,"column":null}},"5":{"start":{"line":25,"column":36},"end":{"line":25,"column":62}},"6":{"start":{"line":29,"column":2},"end":{"line":31,"column":null}},"7":{"start":{"line":30,"column":4},"end":{"line":30,"column":null}},"8":{"start":{"line":34,"column":2},"end":{"line":34,"column":null}},"9":{"start":{"line":44,"column":31},"end":{"line":44,"column":null}},"10":{"start":{"line":45,"column":21},"end":{"line":45,"column":null}},"11":{"start":{"line":47,"column":2},"end":{"line":47,"column":null}},"12":{"start":{"line":54,"column":16},"end":{"line":54,"column":null}},"13":{"start":{"line":55,"column":25},"end":{"line":55,"column":null}},"14":{"start":{"line":57,"column":2},"end":{"line":66,"column":null}},"15":{"start":{"line":58,"column":4},"end":{"line":60,"column":null}},"16":{"start":{"line":59,"column":6},"end":{"line":59,"column":null}},"17":{"start":{"line":61,"column":4},"end":{"line":65,"column":null}},"18":{"start":{"line":62,"column":6},"end":{"line":62,"column":null}},"19":{"start":{"line":64,"column":6},"end":{"line":64,"column":null}},"20":{"start":{"line":68,"column":2},"end":{"line":68,"column":null}},"21":{"start":{"line":79,"column":2},"end":{"line":200,"column":null}},"22":{"start":{"line":82,"column":6},"end":{"line":82,"column":null}},"23":{"start":{"line":85,"column":6},"end":{"line":85,"column":null}},"24":{"start":{"line":88,"column":6},"end":{"line":91,"column":null}},"25":{"start":{"line":95,"column":6},"end":{"line":98,"column":null}},"26":{"start":{"line":102,"column":6},"end":{"line":105,"column":null}},"27":{"start":{"line":109,"column":6},"end":{"line":112,"column":null}},"28":{"start":{"line":117,"column":6},"end":{"line":120,"column":null}},"29":{"start":{"line":124,"column":6},"end":{"line":127,"column":null}},"30":{"start":{"line":131,"column":6},"end":{"line":134,"column":null}},"31":{"start":{"line":138,"column":6},"end":{"line":140,"column":null}},"32":{"start":{"line":139,"column":8},"end":{"line":139,"column":null}},"33":{"start":{"line":141,"column":6},"end":{"line":145,"column":null}},"34":{"start":{"line":142,"column":8},"end":{"line":142,"column":null}},"35":{"start":{"line":144,"column":8},"end":{"line":144,"column":null}},"36":{"start":{"line":149,"column":6},"end":{"line":149,"column":null}},"37":{"start":{"line":152,"column":6},"end":{"line":152,"column":null}},"38":{"start":{"line":156,"column":6},"end":{"line":158,"column":null}},"39":{"start":{"line":161,"column":6},"end":{"line":168,"column":null}},"40":{"start":{"line":162,"column":8},"end":{"line":166,"column":null}},"41":{"start":{"line":169,"column":6},"end":{"line":173,"column":null}},"42":{"start":{"line":178,"column":6},"end":{"line":181,"column":null}},"43":{"start":{"line":181,"column":33},"end":{"line":181,"column":55}},"44":{"start":{"line":185,"column":6},"end":{"line":188,"column":null}},"45":{"start":{"line":188,"column":34},"end":{"line":188,"column":56}},"46":{"start":{"line":192,"column":6},"end":{"line":195,"column":null}},"47":{"start":{"line":195,"column":34},"end":{"line":195,"column":56}},"48":{"start":{"line":199,"column":6},"end":{"line":199,"column":null}},"49":{"start":{"line":207,"column":2},"end":{"line":209,"column":null}},"50":{"start":{"line":208,"column":4},"end":{"line":208,"column":null}},"51":{"start":{"line":211,"column":14},"end":{"line":211,"column":null}},"52":{"start":{"line":214,"column":2},"end":{"line":218,"column":null}},"53":{"start":{"line":215,"column":4},"end":{"line":216,"column":null}},"54":{"start":{"line":216,"column":53},"end":{"line":216,"column":74}},"55":{"start":{"line":221,"column":2},"end":{"line":223,"column":null}},"56":{"start":{"line":222,"column":4},"end":{"line":222,"column":null}},"57":{"start":{"line":222,"column":56},"end":{"line":222,"column":77}},"58":{"start":{"line":226,"column":2},"end":{"line":228,"column":null}},"59":{"start":{"line":227,"column":4},"end":{"line":227,"column":null}},"60":{"start":{"line":231,"column":2},"end":{"line":236,"column":null}}},"fnMap":{"0":{"name":"evaluateFilter","decl":{"start":{"line":14,"column":16},"end":{"line":14,"column":null}},"loc":{"start":{"line":17,"column":11},"end":{"line":35,"column":null}},"line":17},"1":{"name":"(anonymous_1)","decl":{"start":{"line":20,"column":28},"end":{"line":20,"column":29}},"loc":{"start":{"line":20,"column":38},"end":{"line":20,"column":64}},"line":20},"2":{"name":"(anonymous_2)","decl":{"start":{"line":25,"column":26},"end":{"line":25,"column":27}},"loc":{"start":{"line":25,"column":36},"end":{"line":25,"column":62}},"line":25},"3":{"name":"evaluateCondition","decl":{"start":{"line":40,"column":9},"end":{"line":40,"column":null}},"loc":{"start":{"line":43,"column":11},"end":{"line":48,"column":null}},"line":43},"4":{"name":"getFieldValue","decl":{"start":{"line":53,"column":9},"end":{"line":53,"column":23}},"loc":{"start":{"line":53,"column":77},"end":{"line":69,"column":null}},"line":53},"5":{"name":"evaluateOperator","decl":{"start":{"line":74,"column":9},"end":{"line":74,"column":null}},"loc":{"start":{"line":78,"column":11},"end":{"line":201,"column":null}},"line":78},"6":{"name":"(anonymous_6)","decl":{"start":{"line":181,"column":26},"end":{"line":181,"column":27}},"loc":{"start":{"line":181,"column":33},"end":{"line":181,"column":55}},"line":181},"7":{"name":"(anonymous_7)","decl":{"start":{"line":188,"column":27},"end":{"line":188,"column":28}},"loc":{"start":{"line":188,"column":34},"end":{"line":188,"column":56}},"line":188},"8":{"name":"(anonymous_8)","decl":{"start":{"line":195,"column":27},"end":{"line":195,"column":28}},"loc":{"start":{"line":195,"column":34},"end":{"line":195,"column":56}},"line":195},"9":{"name":"isFilterExpression","decl":{"start":{"line":206,"column":16},"end":{"line":206,"column":35}},"loc":{"start":{"line":206,"column":78},"end":{"line":238,"column":null}},"line":206},"10":{"name":"(anonymous_10)","decl":{"start":{"line":216,"column":46},"end":{"line":216,"column":47}},"loc":{"start":{"line":216,"column":53},"end":{"line":216,"column":74}},"line":216},"11":{"name":"(anonymous_11)","decl":{"start":{"line":222,"column":49},"end":{"line":222,"column":50}},"loc":{"start":{"line":222,"column":56},"end":{"line":222,"column":77}},"line":222}},"branchMap":{"0":{"loc":{"start":{"line":19,"column":2},"end":{"line":21,"column":null}},"type":"if","locations":[{"start":{"line":19,"column":2},"end":{"line":21,"column":null}},{"start":{},"end":{}}],"line":19},"1":{"loc":{"start":{"line":24,"column":2},"end":{"line":26,"column":null}},"type":"if","locations":[{"start":{"line":24,"column":2},"end":{"line":26,"column":null}},{"start":{},"end":{}}],"line":24},"2":{"loc":{"start":{"line":29,"column":2},"end":{"line":31,"column":null}},"type":"if","locations":[{"start":{"line":29,"column":2},"end":{"line":31,"column":null}},{"start":{},"end":{}}],"line":29},"3":{"loc":{"start":{"line":58,"column":4},"end":{"line":60,"column":null}},"type":"if","locations":[{"start":{"line":58,"column":4},"end":{"line":60,"column":null}},{"start":{},"end":{}}],"line":58},"4":{"loc":{"start":{"line":58,"column":8},"end":{"line":58,"column":51}},"type":"binary-expr","locations":[{"start":{"line":58,"column":8},"end":{"line":58,"column":28}},{"start":{"line":58,"column":28},"end":{"line":58,"column":51}}],"line":58},"5":{"loc":{"start":{"line":61,"column":4},"end":{"line":65,"column":null}},"type":"if","locations":[{"start":{"line":61,"column":4},"end":{"line":65,"column":null}},{"start":{"line":63,"column":11},"end":{"line":65,"column":null}}],"line":61},"6":{"loc":{"start":{"line":79,"column":2},"end":{"line":200,"column":null}},"type":"switch","locations":[{"start":{"line":81,"column":4},"end":{"line":82,"column":null}},{"start":{"line":84,"column":4},"end":{"line":85,"column":null}},{"start":{"line":87,"column":4},"end":{"line":91,"column":null}},{"start":{"line":94,"column":4},"end":{"line":98,"column":null}},{"start":{"line":101,"column":4},"end":{"line":105,"column":null}},{"start":{"line":108,"column":4},"end":{"line":112,"column":null}},{"start":{"line":116,"column":4},"end":{"line":120,"column":null}},{"start":{"line":123,"column":4},"end":{"line":127,"column":null}},{"start":{"line":130,"column":4},"end":{"line":134,"column":null}},{"start":{"line":137,"column":4},"end":{"line":145,"column":null}},{"start":{"line":148,"column":4},"end":{"line":149,"column":null}},{"start":{"line":151,"column":4},"end":{"line":152,"column":null}},{"start":{"line":155,"column":4},"end":{"line":158,"column":null}},{"start":{"line":160,"column":4},"end":{"line":173,"column":null}},{"start":{"line":177,"column":4},"end":{"line":181,"column":null}},{"start":{"line":184,"column":4},"end":{"line":188,"column":null}},{"start":{"line":191,"column":4},"end":{"line":195,"column":null}},{"start":{"line":198,"column":4},"end":{"line":199,"column":null}}],"line":79},"7":{"loc":{"start":{"line":89,"column":8},"end":{"line":91,"column":null}},"type":"binary-expr","locations":[{"start":{"line":89,"column":8},"end":{"line":89,"column":null}},{"start":{"line":90,"column":8},"end":{"line":90,"column":null}},{"start":{"line":91,"column":8},"end":{"line":91,"column":null}}],"line":89},"8":{"loc":{"start":{"line":96,"column":8},"end":{"line":98,"column":null}},"type":"binary-expr","locations":[{"start":{"line":96,"column":8},"end":{"line":96,"column":null}},{"start":{"line":97,"column":8},"end":{"line":97,"column":null}},{"start":{"line":98,"column":8},"end":{"line":98,"column":null}}],"line":96},"9":{"loc":{"start":{"line":103,"column":8},"end":{"line":105,"column":null}},"type":"binary-expr","locations":[{"start":{"line":103,"column":8},"end":{"line":103,"column":null}},{"start":{"line":104,"column":8},"end":{"line":104,"column":null}},{"start":{"line":105,"column":8},"end":{"line":105,"column":null}}],"line":103},"10":{"loc":{"start":{"line":110,"column":8},"end":{"line":112,"column":null}},"type":"binary-expr","locations":[{"start":{"line":110,"column":8},"end":{"line":110,"column":null}},{"start":{"line":111,"column":8},"end":{"line":111,"column":null}},{"start":{"line":112,"column":8},"end":{"line":112,"column":null}}],"line":110},"11":{"loc":{"start":{"line":118,"column":8},"end":{"line":120,"column":null}},"type":"binary-expr","locations":[{"start":{"line":118,"column":8},"end":{"line":118,"column":null}},{"start":{"line":119,"column":8},"end":{"line":119,"column":null}},{"start":{"line":120,"column":8},"end":{"line":120,"column":null}}],"line":118},"12":{"loc":{"start":{"line":125,"column":8},"end":{"line":127,"column":null}},"type":"binary-expr","locations":[{"start":{"line":125,"column":8},"end":{"line":125,"column":null}},{"start":{"line":126,"column":8},"end":{"line":126,"column":null}},{"start":{"line":127,"column":8},"end":{"line":127,"column":null}}],"line":125},"13":{"loc":{"start":{"line":132,"column":8},"end":{"line":134,"column":null}},"type":"binary-expr","locations":[{"start":{"line":132,"column":8},"end":{"line":132,"column":null}},{"start":{"line":133,"column":8},"end":{"line":133,"column":null}},{"start":{"line":134,"column":8},"end":{"line":134,"column":null}}],"line":132},"14":{"loc":{"start":{"line":138,"column":6},"end":{"line":140,"column":null}},"type":"if","locations":[{"start":{"line":138,"column":6},"end":{"line":140,"column":null}},{"start":{},"end":{}}],"line":138},"15":{"loc":{"start":{"line":138,"column":10},"end":{"line":138,"column":78}},"type":"binary-expr","locations":[{"start":{"line":138,"column":10},"end":{"line":138,"column":44}},{"start":{"line":138,"column":44},"end":{"line":138,"column":78}}],"line":138},"16":{"loc":{"start":{"line":149,"column":13},"end":{"line":149,"column":null}},"type":"binary-expr","locations":[{"start":{"line":149,"column":13},"end":{"line":149,"column":44}},{"start":{"line":149,"column":44},"end":{"line":149,"column":null}}],"line":149},"17":{"loc":{"start":{"line":152,"column":13},"end":{"line":152,"column":null}},"type":"binary-expr","locations":[{"start":{"line":152,"column":13},"end":{"line":152,"column":44}},{"start":{"line":152,"column":44},"end":{"line":152,"column":null}}],"line":152},"18":{"loc":{"start":{"line":156,"column":13},"end":{"line":158,"column":null}},"type":"cond-expr","locations":[{"start":{"line":157,"column":10},"end":{"line":157,"column":null}},{"start":{"line":158,"column":10},"end":{"line":158,"column":null}}],"line":156},"19":{"loc":{"start":{"line":157,"column":10},"end":{"line":157,"column":null}},"type":"binary-expr","locations":[{"start":{"line":157,"column":10},"end":{"line":157,"column":33}},{"start":{"line":157,"column":33},"end":{"line":157,"column":null}}],"line":157},"20":{"loc":{"start":{"line":158,"column":10},"end":{"line":158,"column":null}},"type":"binary-expr","locations":[{"start":{"line":158,"column":10},"end":{"line":158,"column":33}},{"start":{"line":158,"column":33},"end":{"line":158,"column":null}}],"line":158},"21":{"loc":{"start":{"line":161,"column":6},"end":{"line":168,"column":null}},"type":"if","locations":[{"start":{"line":161,"column":6},"end":{"line":168,"column":null}},{"start":{},"end":{}}],"line":161},"22":{"loc":{"start":{"line":163,"column":10},"end":{"line":166,"column":null}},"type":"binary-expr","locations":[{"start":{"line":163,"column":10},"end":{"line":163,"column":null}},{"start":{"line":164,"column":10},"end":{"line":164,"column":null}},{"start":{"line":165,"column":10},"end":{"line":165,"column":null}},{"start":{"line":166,"column":11},"end":{"line":166,"column":40}},{"start":{"line":166,"column":40},"end":{"line":166,"column":null}}],"line":163},"23":{"loc":{"start":{"line":170,"column":8},"end":{"line":173,"column":null}},"type":"binary-expr","locations":[{"start":{"line":170,"column":8},"end":{"line":170,"column":null}},{"start":{"line":171,"column":8},"end":{"line":171,"column":null}},{"start":{"line":172,"column":8},"end":{"line":172,"column":null}},{"start":{"line":173,"column":8},"end":{"line":173,"column":null}}],"line":170},"24":{"loc":{"start":{"line":173,"column":10},"end":{"line":173,"column":null}},"type":"binary-expr","locations":[{"start":{"line":173,"column":10},"end":{"line":173,"column":39}},{"start":{"line":173,"column":39},"end":{"line":173,"column":null}}],"line":173},"25":{"loc":{"start":{"line":179,"column":8},"end":{"line":181,"column":null}},"type":"binary-expr","locations":[{"start":{"line":179,"column":8},"end":{"line":179,"column":null}},{"start":{"line":180,"column":8},"end":{"line":180,"column":null}},{"start":{"line":181,"column":8},"end":{"line":181,"column":null}}],"line":179},"26":{"loc":{"start":{"line":186,"column":8},"end":{"line":188,"column":null}},"type":"binary-expr","locations":[{"start":{"line":186,"column":8},"end":{"line":186,"column":null}},{"start":{"line":187,"column":8},"end":{"line":187,"column":null}},{"start":{"line":188,"column":8},"end":{"line":188,"column":null}}],"line":186},"27":{"loc":{"start":{"line":193,"column":8},"end":{"line":195,"column":null}},"type":"binary-expr","locations":[{"start":{"line":193,"column":8},"end":{"line":193,"column":null}},{"start":{"line":194,"column":8},"end":{"line":194,"column":null}},{"start":{"line":195,"column":8},"end":{"line":195,"column":null}}],"line":193},"28":{"loc":{"start":{"line":207,"column":2},"end":{"line":209,"column":null}},"type":"if","locations":[{"start":{"line":207,"column":2},"end":{"line":209,"column":null}},{"start":{},"end":{}}],"line":207},"29":{"loc":{"start":{"line":207,"column":6},"end":{"line":207,"column":51}},"type":"binary-expr","locations":[{"start":{"line":207,"column":6},"end":{"line":207,"column":35}},{"start":{"line":207,"column":35},"end":{"line":207,"column":51}}],"line":207},"30":{"loc":{"start":{"line":214,"column":2},"end":{"line":218,"column":null}},"type":"if","locations":[{"start":{"line":214,"column":2},"end":{"line":218,"column":null}},{"start":{},"end":{}}],"line":214},"31":{"loc":{"start":{"line":216,"column":6},"end":{"line":216,"column":null}},"type":"binary-expr","locations":[{"start":{"line":216,"column":6},"end":{"line":216,"column":32}},{"start":{"line":216,"column":32},"end":{"line":216,"column":null}}],"line":216},"32":{"loc":{"start":{"line":221,"column":2},"end":{"line":223,"column":null}},"type":"if","locations":[{"start":{"line":221,"column":2},"end":{"line":223,"column":null}},{"start":{},"end":{}}],"line":221},"33":{"loc":{"start":{"line":222,"column":11},"end":{"line":222,"column":null}},"type":"binary-expr","locations":[{"start":{"line":222,"column":11},"end":{"line":222,"column":36}},{"start":{"line":222,"column":36},"end":{"line":222,"column":null}}],"line":222},"34":{"loc":{"start":{"line":226,"column":2},"end":{"line":228,"column":null}},"type":"if","locations":[{"start":{"line":226,"column":2},"end":{"line":228,"column":null}},{"start":{},"end":{}}],"line":226},"35":{"loc":{"start":{"line":232,"column":4},"end":{"line":236,"column":null}},"type":"binary-expr","locations":[{"start":{"line":232,"column":4},"end":{"line":232,"column":null}},{"start":{"line":233,"column":4},"end":{"line":233,"column":null}},{"start":{"line":234,"column":4},"end":{"line":234,"column":null}},{"start":{"line":235,"column":4},"end":{"line":235,"column":null}},{"start":{"line":236,"column":4},"end":{"line":236,"column":null}}],"line":232}},"s":{"0":66,"1":3,"2":6,"3":63,"4":3,"5":5,"6":60,"7":2,"8":58,"9":58,"10":58,"11":58,"12":58,"13":58,"14":58,"15":70,"16":1,"17":69,"18":68,"19":1,"20":56,"21":58,"22":16,"23":2,"24":2,"25":6,"26":1,"27":1,"28":3,"29":2,"30":1,"31":5,"32":2,"33":3,"34":3,"35":1,"36":2,"37":2,"38":4,"39":3,"40":2,"41":1,"42":3,"43":4,"44":2,"45":4,"46":2,"47":3,"48":1,"49":24,"50":5,"51":19,"52":19,"53":3,"54":6,"55":16,"56":2,"57":4,"58":14,"59":1,"60":13},"f":{"0":66,"1":6,"2":5,"3":58,"4":58,"5":58,"6":4,"7":4,"8":3,"9":24,"10":6,"11":4},"b":{"0":[3,63],"1":[3,60],"2":[2,58],"3":[1,69],"4":[70,70],"5":[68,1],"6":[16,2,2,6,1,1,3,2,1,5,2,2,4,3,3,2,2,1],"7":[2,2,2],"8":[6,6,6],"9":[1,1,1],"10":[1,1,1],"11":[3,3,3],"12":[2,2,2],"13":[1,1,1],"14":[2,3],"15":[5,4],"16":[2,2],"17":[2,2],"18":[3,1],"19":[3,2],"20":[1,1],"21":[2,1],"22":[2,2,2,2,2],"23":[1,1,1,1],"24":[1,1],"25":[3,3,3],"26":[2,2,2],"27":[2,2,2],"28":[5,19],"29":[24,20],"30":[3,16],"31":[3,3],"32":[2,14],"33":[2,2],"34":[1,13],"35":[13,12,11,10,10]},"meta":{"lastBranch":36,"lastFunction":12,"lastStatement":61,"seen":{"f:14:16:14:Infinity":0,"b:19:2:21:Infinity:undefined:undefined:undefined:undefined":0,"s:19:2:21:Infinity":0,"s:20:4:20:Infinity":1,"f:20:28:20:29":1,"s:20:38:20:64":2,"b:24:2:26:Infinity:undefined:undefined:undefined:undefined":1,"s:24:2:26:Infinity":3,"s:25:4:25:Infinity":4,"f:25:26:25:27":2,"s:25:36:25:62":5,"b:29:2:31:Infinity:undefined:undefined:undefined:undefined":2,"s:29:2:31:Infinity":6,"s:30:4:30:Infinity":7,"s:34:2:34:Infinity":8,"f:40:9:40:Infinity":3,"s:44:31:44:Infinity":9,"s:45:21:45:Infinity":10,"s:47:2:47:Infinity":11,"f:53:9:53:23":4,"s:54:16:54:Infinity":12,"s:55:25:55:Infinity":13,"s:57:2:66:Infinity":14,"b:58:4:60:Infinity:undefined:undefined:undefined:undefined":3,"s:58:4:60:Infinity":15,"b:58:8:58:28:58:28:58:51":4,"s:59:6:59:Infinity":16,"b:61:4:65:Infinity:63:11:65:Infinity":5,"s:61:4:65:Infinity":17,"s:62:6:62:Infinity":18,"s:64:6:64:Infinity":19,"s:68:2:68:Infinity":20,"f:74:9:74:Infinity":5,"b:81:4:82:Infinity:84:4:85:Infinity:87:4:91:Infinity:94:4:98:Infinity:101:4:105:Infinity:108:4:112:Infinity:116:4:120:Infinity:123:4:127:Infinity:130:4:134:Infinity:137:4:145:Infinity:148:4:149:Infinity:151:4:152:Infinity:155:4:158:Infinity:160:4:173:Infinity:177:4:181:Infinity:184:4:188:Infinity:191:4:195:Infinity:198:4:199:Infinity":6,"s:79:2:200:Infinity":21,"s:82:6:82:Infinity":22,"s:85:6:85:Infinity":23,"s:88:6:91:Infinity":24,"b:89:8:89:Infinity:90:8:90:Infinity:91:8:91:Infinity":7,"s:95:6:98:Infinity":25,"b:96:8:96:Infinity:97:8:97:Infinity:98:8:98:Infinity":8,"s:102:6:105:Infinity":26,"b:103:8:103:Infinity:104:8:104:Infinity:105:8:105:Infinity":9,"s:109:6:112:Infinity":27,"b:110:8:110:Infinity:111:8:111:Infinity:112:8:112:Infinity":10,"s:117:6:120:Infinity":28,"b:118:8:118:Infinity:119:8:119:Infinity:120:8:120:Infinity":11,"s:124:6:127:Infinity":29,"b:125:8:125:Infinity:126:8:126:Infinity:127:8:127:Infinity":12,"s:131:6:134:Infinity":30,"b:132:8:132:Infinity:133:8:133:Infinity:134:8:134:Infinity":13,"b:138:6:140:Infinity:undefined:undefined:undefined:undefined":14,"s:138:6:140:Infinity":31,"b:138:10:138:44:138:44:138:78":15,"s:139:8:139:Infinity":32,"s:141:6:145:Infinity":33,"s:142:8:142:Infinity":34,"s:144:8:144:Infinity":35,"s:149:6:149:Infinity":36,"b:149:13:149:44:149:44:149:Infinity":16,"s:152:6:152:Infinity":37,"b:152:13:152:44:152:44:152:Infinity":17,"s:156:6:158:Infinity":38,"b:157:10:157:Infinity:158:10:158:Infinity":18,"b:157:10:157:33:157:33:157:Infinity":19,"b:158:10:158:33:158:33:158:Infinity":20,"b:161:6:168:Infinity:undefined:undefined:undefined:undefined":21,"s:161:6:168:Infinity":39,"s:162:8:166:Infinity":40,"b:163:10:163:Infinity:164:10:164:Infinity:165:10:165:Infinity:166:11:166:40:166:40:166:Infinity":22,"s:169:6:173:Infinity":41,"b:170:8:170:Infinity:171:8:171:Infinity:172:8:172:Infinity:173:8:173:Infinity":23,"b:173:10:173:39:173:39:173:Infinity":24,"s:178:6:181:Infinity":42,"b:179:8:179:Infinity:180:8:180:Infinity:181:8:181:Infinity":25,"f:181:26:181:27":6,"s:181:33:181:55":43,"s:185:6:188:Infinity":44,"b:186:8:186:Infinity:187:8:187:Infinity:188:8:188:Infinity":26,"f:188:27:188:28":7,"s:188:34:188:56":45,"s:192:6:195:Infinity":46,"b:193:8:193:Infinity:194:8:194:Infinity:195:8:195:Infinity":27,"f:195:27:195:28":8,"s:195:34:195:56":47,"s:199:6:199:Infinity":48,"f:206:16:206:35":9,"b:207:2:209:Infinity:undefined:undefined:undefined:undefined":28,"s:207:2:209:Infinity":49,"b:207:6:207:35:207:35:207:51":29,"s:208:4:208:Infinity":50,"s:211:14:211:Infinity":51,"b:214:2:218:Infinity:undefined:undefined:undefined:undefined":30,"s:214:2:218:Infinity":52,"s:215:4:216:Infinity":53,"b:216:6:216:32:216:32:216:Infinity":31,"f:216:46:216:47":10,"s:216:53:216:74":54,"b:221:2:223:Infinity:undefined:undefined:undefined:undefined":32,"s:221:2:223:Infinity":55,"s:222:4:222:Infinity":56,"b:222:11:222:36:222:36:222:Infinity":33,"f:222:49:222:50":11,"s:222:56:222:77":57,"b:226:2:228:Infinity:undefined:undefined:undefined:undefined":34,"s:226:2:228:Infinity":58,"s:227:4:227:Infinity":59,"s:231:2:236:Infinity":60,"b:232:4:232:Infinity:233:4:233:Infinity:234:4:234:Infinity:235:4:235:Infinity:236:4:236:Infinity":35}}}
,"/Volumes/SSD/projects/specloom/packages/specloom/src/loader/index.ts": {"path":"/Volumes/SSD/projects/specloom/packages/specloom/src/loader/index.ts","statementMap":{"0":{"start":{"line":7,"column":15},"end":{"line":7,"column":null}},"1":{"start":{"line":8,"column":2},"end":{"line":8,"column":null}},"2":{"start":{"line":15,"column":2},"end":{"line":17,"column":null}},"3":{"start":{"line":16,"column":4},"end":{"line":16,"column":null}},"4":{"start":{"line":19,"column":2},"end":{"line":21,"column":null}},"5":{"start":{"line":20,"column":4},"end":{"line":20,"column":null}},"6":{"start":{"line":23,"column":2},"end":{"line":25,"column":null}},"7":{"start":{"line":24,"column":4},"end":{"line":24,"column":null}},"8":{"start":{"line":27,"column":2},"end":{"line":29,"column":null}},"9":{"start":{"line":28,"column":4},"end":{"line":28,"column":null}},"10":{"start":{"line":31,"column":2},"end":{"line":31,"column":null}},"11":{"start":{"line":39,"column":4},"end":{"line":39,"column":null}},"12":{"start":{"line":40,"column":4},"end":{"line":40,"column":null}},"13":{"start":{"line":45,"column":2},"end":{"line":45,"column":null}}},"fnMap":{"0":{"name":"parseSpec","decl":{"start":{"line":6,"column":16},"end":{"line":6,"column":26}},"loc":{"start":{"line":6,"column":46},"end":{"line":9,"column":null}},"line":6},"1":{"name":"validateSpec","decl":{"start":{"line":14,"column":16},"end":{"line":14,"column":29}},"loc":{"start":{"line":14,"column":50},"end":{"line":32,"column":null}},"line":14},"2":{"name":"(anonymous_2)","decl":{"start":{"line":38,"column":2},"end":{"line":38,"column":14}},"loc":{"start":{"line":38,"column":31},"end":{"line":41,"column":null}},"line":38},"3":{"name":"isObject","decl":{"start":{"line":44,"column":9},"end":{"line":44,"column":18}},"loc":{"start":{"line":44,"column":68},"end":{"line":46,"column":null}},"line":44}},"branchMap":{"0":{"loc":{"start":{"line":15,"column":2},"end":{"line":17,"column":null}},"type":"if","locations":[{"start":{"line":15,"column":2},"end":{"line":17,"column":null}},{"start":{},"end":{}}],"line":15},"1":{"loc":{"start":{"line":19,"column":2},"end":{"line":21,"column":null}},"type":"if","locations":[{"start":{"line":19,"column":2},"end":{"line":21,"column":null}},{"start":{},"end":{}}],"line":19},"2":{"loc":{"start":{"line":23,"column":2},"end":{"line":25,"column":null}},"type":"if","locations":[{"start":{"line":23,"column":2},"end":{"line":25,"column":null}},{"start":{},"end":{}}],"line":23},"3":{"loc":{"start":{"line":27,"column":2},"end":{"line":29,"column":null}},"type":"if","locations":[{"start":{"line":27,"column":2},"end":{"line":29,"column":null}},{"start":{},"end":{}}],"line":27},"4":{"loc":{"start":{"line":45,"column":9},"end":{"line":45,"column":null}},"type":"binary-expr","locations":[{"start":{"line":45,"column":9},"end":{"line":45,"column":38}},{"start":{"line":45,"column":38},"end":{"line":45,"column":56}},{"start":{"line":45,"column":56},"end":{"line":45,"column":null}}],"line":45}},"s":{"0":4,"1":4,"2":12,"3":3,"4":9,"5":2,"6":7,"7":1,"8":6,"9":1,"10":5,"11":7,"12":7,"13":12},"f":{"0":4,"1":12,"2":7,"3":12},"b":{"0":[3,9],"1":[2,7],"2":[1,6],"3":[1,5],"4":[12,11,10]},"meta":{"lastBranch":5,"lastFunction":4,"lastStatement":14,"seen":{"f:6:16:6:26":0,"s:7:15:7:Infinity":0,"s:8:2:8:Infinity":1,"f:14:16:14:29":1,"b:15:2:17:Infinity:undefined:undefined:undefined:undefined":0,"s:15:2:17:Infinity":2,"s:16:4:16:Infinity":3,"b:19:2:21:Infinity:undefined:undefined:undefined:undefined":1,"s:19:2:21:Infinity":4,"s:20:4:20:Infinity":5,"b:23:2:25:Infinity:undefined:undefined:undefined:undefined":2,"s:23:2:25:Infinity":6,"s:24:4:24:Infinity":7,"b:27:2:29:Infinity:undefined:undefined:undefined:undefined":3,"s:27:2:29:Infinity":8,"s:28:4:28:Infinity":9,"s:31:2:31:Infinity":10,"f:38:2:38:14":2,"s:39:4:39:Infinity":11,"s:40:4:40:Infinity":12,"f:44:9:44:18":3,"s:45:2:45:Infinity":13,"b:45:9:45:38:45:38:45:56:45:56:45:Infinity":4}}}
,"/Volumes/SSD/projects/specloom/packages/specloom/src/spec/index.ts": {"path":"/Volumes/SSD/projects/specloom/packages/specloom/src/spec/index.ts","statementMap":{},"fnMap":{},"branchMap":{},"s":{},"f":{},"b":{},"meta":{"lastBranch":0,"lastFunction":0,"lastStatement":0,"seen":{}}}
,"/Volumes/SSD/projects/specloom/packages/specloom/src/validation/index.ts": {"path":"/Volumes/SSD/projects/specloom/packages/specloom/src/validation/index.ts","statementMap":{"0":{"start":{"line":15,"column":35},"end":{"line":15,"column":null}},"1":{"start":{"line":17,"column":2},"end":{"line":23,"column":null}},"2":{"start":{"line":18,"column":18},"end":{"line":18,"column":null}},"3":{"start":{"line":19,"column":24},"end":{"line":19,"column":null}},"4":{"start":{"line":20,"column":4},"end":{"line":22,"column":null}},"5":{"start":{"line":21,"column":6},"end":{"line":21,"column":null}},"6":{"start":{"line":25,"column":2},"end":{"line":25,"column":null}},"7":{"start":{"line":32,"column":27},"end":{"line":32,"column":null}},"8":{"start":{"line":33,"column":21},"end":{"line":33,"column":null}},"9":{"start":{"line":36,"column":2},"end":{"line":41,"column":null}},"10":{"start":{"line":37,"column":4},"end":{"line":40,"column":null}},"11":{"start":{"line":38,"column":6},"end":{"line":38,"column":null}},"12":{"start":{"line":39,"column":6},"end":{"line":39,"column":null}},"13":{"start":{"line":44,"column":2},"end":{"line":46,"column":null}},"14":{"start":{"line":45,"column":4},"end":{"line":45,"column":null}},"15":{"start":{"line":49,"column":2},"end":{"line":62,"column":null}},"16":{"start":{"line":50,"column":4},"end":{"line":52,"column":null}},"17":{"start":{"line":51,"column":6},"end":{"line":51,"column":null}},"18":{"start":{"line":53,"column":4},"end":{"line":55,"column":null}},"19":{"start":{"line":54,"column":6},"end":{"line":54,"column":null}},"20":{"start":{"line":56,"column":4},"end":{"line":61,"column":null}},"21":{"start":{"line":57,"column":27},"end":{"line":57,"column":null}},"22":{"start":{"line":58,"column":6},"end":{"line":60,"column":null}},"23":{"start":{"line":59,"column":8},"end":{"line":59,"column":null}},"24":{"start":{"line":65,"column":2},"end":{"line":72,"column":null}},"25":{"start":{"line":66,"column":4},"end":{"line":68,"column":null}},"26":{"start":{"line":67,"column":6},"end":{"line":67,"column":null}},"27":{"start":{"line":69,"column":4},"end":{"line":71,"column":null}},"28":{"start":{"line":70,"column":6},"end":{"line":70,"column":null}},"29":{"start":{"line":75,"column":2},"end":{"line":82,"column":null}},"30":{"start":{"line":76,"column":4},"end":{"line":78,"column":null}},"31":{"start":{"line":77,"column":6},"end":{"line":77,"column":null}},"32":{"start":{"line":79,"column":4},"end":{"line":81,"column":null}},"33":{"start":{"line":80,"column":6},"end":{"line":80,"column":null}},"34":{"start":{"line":84,"column":2},"end":{"line":84,"column":null}},"35":{"start":{"line":91,"column":2},"end":{"line":125,"column":null}},"36":{"start":{"line":93,"column":25},"end":{"line":93,"column":null}},"37":{"start":{"line":94,"column":6},"end":{"line":96,"column":null}},"38":{"start":{"line":95,"column":8},"end":{"line":95,"column":null}},"39":{"start":{"line":97,"column":6},"end":{"line":97,"column":null}},"40":{"start":{"line":100,"column":6},"end":{"line":104,"column":null}},"41":{"start":{"line":101,"column":8},"end":{"line":101,"column":null}},"42":{"start":{"line":103,"column":8},"end":{"line":103,"column":null}},"43":{"start":{"line":105,"column":6},"end":{"line":105,"column":null}},"44":{"start":{"line":108,"column":23},"end":{"line":108,"column":null}},"45":{"start":{"line":109,"column":6},"end":{"line":111,"column":null}},"46":{"start":{"line":110,"column":8},"end":{"line":110,"column":null}},"47":{"start":{"line":112,"column":6},"end":{"line":112,"column":null}},"48":{"start":{"line":116,"column":6},"end":{"line":123,"column":null}},"49":{"start":{"line":117,"column":22},"end":{"line":117,"column":null}},"50":{"start":{"line":118,"column":8},"end":{"line":120,"column":null}},"51":{"start":{"line":119,"column":10},"end":{"line":119,"column":null}},"52":{"start":{"line":127,"column":2},"end":{"line":127,"column":null}},"53":{"start":{"line":134,"column":2},"end":{"line":134,"column":null}},"54":{"start":{"line":134,"column":21},"end":{"line":134,"column":null}},"55":{"start":{"line":135,"column":2},"end":{"line":135,"column":null}},"56":{"start":{"line":135,"column":20},"end":{"line":135,"column":null}},"57":{"start":{"line":136,"column":2},"end":{"line":136,"column":null}},"58":{"start":{"line":136,"column":50},"end":{"line":136,"column":null}},"59":{"start":{"line":137,"column":2},"end":{"line":137,"column":null}}},"fnMap":{"0":{"name":"validateForm","decl":{"start":{"line":11,"column":16},"end":{"line":11,"column":null}},"loc":{"start":{"line":14,"column":20},"end":{"line":26,"column":null}},"line":14},"1":{"name":"validateField","decl":{"start":{"line":31,"column":16},"end":{"line":31,"column":30}},"loc":{"start":{"line":31,"column":70},"end":{"line":85,"column":null}},"line":31},"2":{"name":"validatePattern","decl":{"start":{"line":90,"column":9},"end":{"line":90,"column":25}},"loc":{"start":{"line":90,"column":72},"end":{"line":128,"column":null}},"line":90},"3":{"name":"isEmpty","decl":{"start":{"line":133,"column":9},"end":{"line":133,"column":17}},"loc":{"start":{"line":133,"column":42},"end":{"line":138,"column":null}},"line":133}},"branchMap":{"0":{"loc":{"start":{"line":20,"column":4},"end":{"line":22,"column":null}},"type":"if","locations":[{"start":{"line":20,"column":4},"end":{"line":22,"column":null}},{"start":{},"end":{}}],"line":20},"1":{"loc":{"start":{"line":33,"column":21},"end":{"line":33,"column":null}},"type":"binary-expr","locations":[{"start":{"line":33,"column":21},"end":{"line":33,"column":41}},{"start":{"line":33,"column":41},"end":{"line":33,"column":null}}],"line":33},"2":{"loc":{"start":{"line":36,"column":2},"end":{"line":41,"column":null}},"type":"if","locations":[{"start":{"line":36,"column":2},"end":{"line":41,"column":null}},{"start":{},"end":{}}],"line":36},"3":{"loc":{"start":{"line":36,"column":6},"end":{"line":36,"column":45}},"type":"binary-expr","locations":[{"start":{"line":36,"column":6},"end":{"line":36,"column":24}},{"start":{"line":36,"column":24},"end":{"line":36,"column":45}}],"line":36},"4":{"loc":{"start":{"line":37,"column":4},"end":{"line":40,"column":null}},"type":"if","locations":[{"start":{"line":37,"column":4},"end":{"line":40,"column":null}},{"start":{},"end":{}}],"line":37},"5":{"loc":{"start":{"line":38,"column":21},"end":{"line":38,"column":46}},"type":"binary-expr","locations":[{"start":{"line":38,"column":21},"end":{"line":38,"column":36}},{"start":{"line":38,"column":36},"end":{"line":38,"column":46}}],"line":38},"6":{"loc":{"start":{"line":44,"column":2},"end":{"line":46,"column":null}},"type":"if","locations":[{"start":{"line":44,"column":2},"end":{"line":46,"column":null}},{"start":{},"end":{}}],"line":44},"7":{"loc":{"start":{"line":44,"column":6},"end":{"line":44,"column":47}},"type":"binary-expr","locations":[{"start":{"line":44,"column":6},"end":{"line":44,"column":24}},{"start":{"line":44,"column":24},"end":{"line":44,"column":47}}],"line":44},"8":{"loc":{"start":{"line":49,"column":2},"end":{"line":62,"column":null}},"type":"if","locations":[{"start":{"line":49,"column":2},"end":{"line":62,"column":null}},{"start":{},"end":{}}],"line":49},"9":{"loc":{"start":{"line":50,"column":4},"end":{"line":52,"column":null}},"type":"if","locations":[{"start":{"line":50,"column":4},"end":{"line":52,"column":null}},{"start":{},"end":{}}],"line":50},"10":{"loc":{"start":{"line":50,"column":8},"end":{"line":50,"column":77}},"type":"binary-expr","locations":[{"start":{"line":50,"column":8},"end":{"line":50,"column":40}},{"start":{"line":50,"column":40},"end":{"line":50,"column":77}}],"line":50},"11":{"loc":{"start":{"line":53,"column":4},"end":{"line":55,"column":null}},"type":"if","locations":[{"start":{"line":53,"column":4},"end":{"line":55,"column":null}},{"start":{},"end":{}}],"line":53},"12":{"loc":{"start":{"line":53,"column":8},"end":{"line":53,"column":77}},"type":"binary-expr","locations":[{"start":{"line":53,"column":8},"end":{"line":53,"column":40}},{"start":{"line":53,"column":40},"end":{"line":53,"column":77}}],"line":53},"13":{"loc":{"start":{"line":56,"column":4},"end":{"line":61,"column":null}},"type":"if","locations":[{"start":{"line":56,"column":4},"end":{"line":61,"column":null}},{"start":{},"end":{}}],"line":56},"14":{"loc":{"start":{"line":58,"column":6},"end":{"line":60,"column":null}},"type":"if","locations":[{"start":{"line":58,"column":6},"end":{"line":60,"column":null}},{"start":{},"end":{}}],"line":58},"15":{"loc":{"start":{"line":65,"column":2},"end":{"line":72,"column":null}},"type":"if","locations":[{"start":{"line":65,"column":2},"end":{"line":72,"column":null}},{"start":{},"end":{}}],"line":65},"16":{"loc":{"start":{"line":66,"column":4},"end":{"line":68,"column":null}},"type":"if","locations":[{"start":{"line":66,"column":4},"end":{"line":68,"column":null}},{"start":{},"end":{}}],"line":66},"17":{"loc":{"start":{"line":66,"column":8},"end":{"line":66,"column":58}},"type":"binary-expr","locations":[{"start":{"line":66,"column":8},"end":{"line":66,"column":34}},{"start":{"line":66,"column":34},"end":{"line":66,"column":58}}],"line":66},"18":{"loc":{"start":{"line":69,"column":4},"end":{"line":71,"column":null}},"type":"if","locations":[{"start":{"line":69,"column":4},"end":{"line":71,"column":null}},{"start":{},"end":{}}],"line":69},"19":{"loc":{"start":{"line":69,"column":8},"end":{"line":69,"column":58}},"type":"binary-expr","locations":[{"start":{"line":69,"column":8},"end":{"line":69,"column":34}},{"start":{"line":69,"column":34},"end":{"line":69,"column":58}}],"line":69},"20":{"loc":{"start":{"line":75,"column":2},"end":{"line":82,"column":null}},"type":"if","locations":[{"start":{"line":75,"column":2},"end":{"line":82,"column":null}},{"start":{},"end":{}}],"line":75},"21":{"loc":{"start":{"line":76,"column":4},"end":{"line":78,"column":null}},"type":"if","locations":[{"start":{"line":76,"column":4},"end":{"line":78,"column":null}},{"start":{},"end":{}}],"line":76},"22":{"loc":{"start":{"line":76,"column":8},"end":{"line":76,"column":75}},"type":"binary-expr","locations":[{"start":{"line":76,"column":8},"end":{"line":76,"column":39}},{"start":{"line":76,"column":39},"end":{"line":76,"column":75}}],"line":76},"23":{"loc":{"start":{"line":79,"column":4},"end":{"line":81,"column":null}},"type":"if","locations":[{"start":{"line":79,"column":4},"end":{"line":81,"column":null}},{"start":{},"end":{}}],"line":79},"24":{"loc":{"start":{"line":79,"column":8},"end":{"line":79,"column":75}},"type":"binary-expr","locations":[{"start":{"line":79,"column":8},"end":{"line":79,"column":39}},{"start":{"line":79,"column":39},"end":{"line":79,"column":75}}],"line":79},"25":{"loc":{"start":{"line":91,"column":2},"end":{"line":125,"column":null}},"type":"switch","locations":[{"start":{"line":92,"column":4},"end":{"line":98,"column":null}},{"start":{"line":99,"column":4},"end":{"line":106,"column":null}},{"start":{"line":107,"column":4},"end":{"line":113,"column":null}},{"start":{"line":114,"column":4},"end":{"line":124,"column":null}}],"line":91},"26":{"loc":{"start":{"line":94,"column":6},"end":{"line":96,"column":null}},"type":"if","locations":[{"start":{"line":94,"column":6},"end":{"line":96,"column":null}},{"start":{},"end":{}}],"line":94},"27":{"loc":{"start":{"line":109,"column":6},"end":{"line":111,"column":null}},"type":"if","locations":[{"start":{"line":109,"column":6},"end":{"line":111,"column":null}},{"start":{},"end":{}}],"line":109},"28":{"loc":{"start":{"line":118,"column":8},"end":{"line":120,"column":null}},"type":"if","locations":[{"start":{"line":118,"column":8},"end":{"line":120,"column":null}},{"start":{},"end":{}}],"line":118},"29":{"loc":{"start":{"line":134,"column":2},"end":{"line":134,"column":null}},"type":"if","locations":[{"start":{"line":134,"column":2},"end":{"line":134,"column":null}},{"start":{},"end":{}}],"line":134},"30":{"loc":{"start":{"line":135,"column":2},"end":{"line":135,"column":null}},"type":"if","locations":[{"start":{"line":135,"column":2},"end":{"line":135,"column":null}},{"start":{},"end":{}}],"line":135},"31":{"loc":{"start":{"line":136,"column":2},"end":{"line":136,"column":null}},"type":"if","locations":[{"start":{"line":136,"column":2},"end":{"line":136,"column":null}},{"start":{},"end":{}}],"line":136},"32":{"loc":{"start":{"line":136,"column":6},"end":{"line":136,"column":50}},"type":"binary-expr","locations":[{"start":{"line":136,"column":6},"end":{"line":136,"column":30}},{"start":{"line":136,"column":30},"end":{"line":136,"column":50}}],"line":136}},"s":{"0":14,"1":14,"2":43,"3":43,"4":43,"5":13,"6":14,"7":69,"8":69,"9":69,"10":34,"11":10,"12":10,"13":59,"14":3,"15":56,"16":32,"17":1,"18":32,"19":2,"20":32,"21":9,"22":9,"23":5,"24":56,"25":6,"26":2,"27":6,"28":1,"29":56,"30":14,"31":4,"32":14,"33":3,"34":56,"35":9,"36":2,"37":2,"38":1,"39":1,"40":2,"41":2,"42":1,"43":1,"44":2,"45":2,"46":1,"47":1,"48":3,"49":3,"50":3,"51":2,"52":4,"53":93,"54":4,"55":89,"56":8,"57":81,"58":5,"59":76},"f":{"0":14,"1":69,"2":9,"3":93},"b":{"0":[13,30],"1":[69,12],"2":[34,35],"3":[69,57],"4":[10,24],"5":[10,0],"6":[3,56],"7":[59,7],"8":[32,24],"9":[1,31],"10":[32,12],"11":[2,30],"12":[32,12],"13":[9,23],"14":[5,4],"15":[6,50],"16":[2,4],"17":[6,6],"18":[1,5],"19":[6,3],"20":[14,42],"21":[4,10],"22":[14,14],"23":[3,11],"24":[14,14],"25":[2,2,2,3],"26":[1,1],"27":[1,1],"28":[2,1],"29":[4,89],"30":[8,81],"31":[5,76],"32":[81,15]},"meta":{"lastBranch":33,"lastFunction":4,"lastStatement":60,"seen":{"f:11:16:11:Infinity":0,"s:15:35:15:Infinity":0,"s:17:2:23:Infinity":1,"s:18:18:18:Infinity":2,"s:19:24:19:Infinity":3,"b:20:4:22:Infinity:undefined:undefined:undefined:undefined":0,"s:20:4:22:Infinity":4,"s:21:6:21:Infinity":5,"s:25:2:25:Infinity":6,"f:31:16:31:30":1,"s:32:27:32:Infinity":7,"s:33:21:33:Infinity":8,"b:33:21:33:41:33:41:33:Infinity":1,"b:36:2:41:Infinity:undefined:undefined:undefined:undefined":2,"s:36:2:41:Infinity":9,"b:36:6:36:24:36:24:36:45":3,"b:37:4:40:Infinity:undefined:undefined:undefined:undefined":4,"s:37:4:40:Infinity":10,"s:38:6:38:Infinity":11,"b:38:21:38:36:38:36:38:46":5,"s:39:6:39:Infinity":12,"b:44:2:46:Infinity:undefined:undefined:undefined:undefined":6,"s:44:2:46:Infinity":13,"b:44:6:44:24:44:24:44:47":7,"s:45:4:45:Infinity":14,"b:49:2:62:Infinity:undefined:undefined:undefined:undefined":8,"s:49:2:62:Infinity":15,"b:50:4:52:Infinity:undefined:undefined:undefined:undefined":9,"s:50:4:52:Infinity":16,"b:50:8:50:40:50:40:50:77":10,"s:51:6:51:Infinity":17,"b:53:4:55:Infinity:undefined:undefined:undefined:undefined":11,"s:53:4:55:Infinity":18,"b:53:8:53:40:53:40:53:77":12,"s:54:6:54:Infinity":19,"b:56:4:61:Infinity:undefined:undefined:undefined:undefined":13,"s:56:4:61:Infinity":20,"s:57:27:57:Infinity":21,"b:58:6:60:Infinity:undefined:undefined:undefined:undefined":14,"s:58:6:60:Infinity":22,"s:59:8:59:Infinity":23,"b:65:2:72:Infinity:undefined:undefined:undefined:undefined":15,"s:65:2:72:Infinity":24,"b:66:4:68:Infinity:undefined:undefined:undefined:undefined":16,"s:66:4:68:Infinity":25,"b:66:8:66:34:66:34:66:58":17,"s:67:6:67:Infinity":26,"b:69:4:71:Infinity:undefined:undefined:undefined:undefined":18,"s:69:4:71:Infinity":27,"b:69:8:69:34:69:34:69:58":19,"s:70:6:70:Infinity":28,"b:75:2:82:Infinity:undefined:undefined:undefined:undefined":20,"s:75:2:82:Infinity":29,"b:76:4:78:Infinity:undefined:undefined:undefined:undefined":21,"s:76:4:78:Infinity":30,"b:76:8:76:39:76:39:76:75":22,"s:77:6:77:Infinity":31,"b:79:4:81:Infinity:undefined:undefined:undefined:undefined":23,"s:79:4:81:Infinity":32,"b:79:8:79:39:79:39:79:75":24,"s:80:6:80:Infinity":33,"s:84:2:84:Infinity":34,"f:90:9:90:25":2,"b:92:4:98:Infinity:99:4:106:Infinity:107:4:113:Infinity:114:4:124:Infinity":25,"s:91:2:125:Infinity":35,"s:93:25:93:Infinity":36,"b:94:6:96:Infinity:undefined:undefined:undefined:undefined":26,"s:94:6:96:Infinity":37,"s:95:8:95:Infinity":38,"s:97:6:97:Infinity":39,"s:100:6:104:Infinity":40,"s:101:8:101:Infinity":41,"s:103:8:103:Infinity":42,"s:105:6:105:Infinity":43,"s:108:23:108:Infinity":44,"b:109:6:111:Infinity:undefined:undefined:undefined:undefined":27,"s:109:6:111:Infinity":45,"s:110:8:110:Infinity":46,"s:112:6:112:Infinity":47,"s:116:6:123:Infinity":48,"s:117:22:117:Infinity":49,"b:118:8:120:Infinity:undefined:undefined:undefined:undefined":28,"s:118:8:120:Infinity":50,"s:119:10:119:Infinity":51,"s:127:2:127:Infinity":52,"f:133:9:133:17":3,"b:134:2:134:Infinity:undefined:undefined:undefined:undefined":29,"s:134:2:134:Infinity":53,"s:134:21:134:Infinity":54,"b:135:2:135:Infinity:undefined:undefined:undefined:undefined":30,"s:135:2:135:Infinity":55,"s:135:20:135:Infinity":56,"b:136:2:136:Infinity:undefined:undefined:undefined:undefined":31,"s:136:2:136:Infinity":57,"b:136:6:136:30:136:30:136:50":32,"s:136:50:136:Infinity":58,"s:137:2:137:Infinity":59}}}
,"/Volumes/SSD/projects/specloom/packages/specloom/src/vm/index.ts": {"path":"/Volumes/SSD/projects/specloom/packages/specloom/src/vm/index.ts","statementMap":{},"fnMap":{},"branchMap":{},"s":{},"f":{},"b":{},"meta":{"lastBranch":0,"lastFunction":0,"lastStatement":0,"seen":{}}}
}
